This file contains any messages produced by compilers while
running configure, to aid debugging if configure makes a mistake.

It was created by transmission configure 1.92, which was
generated by GNU Autoconf 2.63.  Invocation command line was

  $ ./configure --host=arm-linux CC=arm-linux-gcc --prefix=/opt/snakeos-sdk/apps/../rootfs/target CFLAGS=-pipe -Os -march=armv4  LIBCURL_LIBS=-L/opt/snakeos-sdk/apps/curl/lib/.libs -lcurl LIBCURL_CFLAGS=-I/opt/snakeos-sdk/apps/curl/include OPENSSL_LIBS=-L/opt/snakeos-sdk/apps/openssl /opt/snakeos-sdk/apps/openssl/libcrypto.a OPENSSL_CFLAGS=-I/opt/snakeos-sdk/apps/openssl/include --host=i686-linux-gnu --target=arm-linux-gnu --enable-static=yes --enable-shared=no --disable-dependency-tracking --disable-libtool-lock --disable-gtk --disable-libnotify --disable-nls --disable-cli --disable-mac --enable-daemon

## --------- ##
## Platform. ##
## --------- ##

hostname = snaker01
uname -m = i686
uname -r = 2.6.31-20-generic
uname -s = Linux
uname -v = #58-Ubuntu SMP Fri Mar 12 05:23:09 UTC 2010

/usr/bin/uname -p = unknown
/bin/uname -X     = unknown

/bin/arch              = unknown
/usr/bin/arch -k       = unknown
/usr/convex/getsysinfo = unknown
/usr/bin/hostinfo      = unknown
/bin/machine           = unknown
/usr/bin/oslevel       = unknown
/bin/universe          = unknown

PATH: /usr/local/sbin
PATH: /usr/local/bin
PATH: /usr/sbin
PATH: /usr/bin
PATH: /sbin
PATH: /bin
PATH: /usr/games 
PATH: /opt/snakeos-sdk/tools/arm-uclibc-3.4.6/bin


## ----------- ##
## Core tests. ##
## ----------- ##

configure:2297: checking for a BSD-compatible install
configure:2365: result: /usr/bin/install -c
configure:2376: checking whether build environment is sane
configure:2436: result: yes
configure:2485: checking for i686-linux-gnu-strip
configure:2515: result: no
configure:2525: checking for strip
configure:2541: found /usr/bin/strip
configure:2552: result: strip
configure:2577: checking for a thread-safe mkdir -p
configure:2616: result: /bin/mkdir -p
configure:2629: checking for gawk
configure:2645: found /usr/bin/gawk
configure:2656: result: gawk
configure:2667: checking whether make sets $(MAKE)
configure:2689: result: yes
configure:2766: checking how to create a ustar tar archive
configure:2779: tar --version
tar (GNU tar) 1.22
Copyright (C) 2009 Free Software Foundation, Inc.
License GPLv3+: GNU GPL version 3 or later <http://gnu.org/licenses/gpl.html>.
This is free software: you are free to change and redistribute it.
There is NO WARRANTY, to the extent permitted by law.

Written by John Gilmore and Jay Fenlason.
configure:2782: $? = 0
configure:2822: tardir=conftest.dir && eval tar --format=ustar -chf - "$tardir" >conftest.tar
configure:2825: $? = 0
configure:2829: tar -xf - <conftest.tar
configure:2832: $? = 0
configure:2845: result: gnutar
configure:2883: checking build system type
configure:2901: result: i686-pc-linux-gnu
configure:2923: checking host system type
configure:2938: result: i686-pc-linux-gnu
configure:2972: checking for style of include used by make
configure:3000: result: GNU
configure:3030: checking for i686-linux-gnu-gcc
configure:3057: result: arm-linux-gcc
configure:3329: checking for C compiler version
configure:3337: arm-linux-gcc --version >&5
arm-linux-gcc (GCC) 3.4.6
Copyright (C) 2006 Free Software Foundation, Inc.
This is free software; see the source for copying conditions.  There is NO
warranty; not even for MERCHANTABILITY or FITNESS FOR A PARTICULAR PURPOSE.

configure:3341: $? = 0
configure:3348: arm-linux-gcc -v >&5
Reading specs from /opt/snakeos-sdk/tools/arm-uclibc-3.4.6/bin/../lib/gcc/arm-linux-uclibc/3.4.6/specs
Configured with: /home/project/CROSS_GCC/buildroot-20070310/toolchain_build_arm_nofpu/gcc-3.4.6/configure --prefix=/usr/local/arm-linux-uclibc-3.4.6 --build=i386-pc-linux-gnu --host=i386-pc-linux-gnu --target=arm-linux-uclibc --enable-languages=c,c++ --disable-__cxa_atexit --enable-target-optspace --with-gnu-ld --enable-shared --disable-nls --enable-threads --disable-multilib --with-float=soft : (reconfigured) /home/project/CROSS_GCC/buildroot-20070310/toolchain_build_arm_nofpu/gcc-3.4.6/configure --prefix=/usr/local/arm-linux-uclibc-3.4.6 --build=i386-pc-linux-gnu --host=i386-pc-linux-gnu --target=arm-linux-uclibc --enable-languages=c,c++ --disable-__cxa_atexit --enable-target-optspace --with-gnu-ld --enable-shared --disable-nls --enable-threads --disable-multilib --with-float=soft
Thread model: posix
gcc version 3.4.6
configure:3352: $? = 0
configure:3359: arm-linux-gcc -V >&5
arm-linux-gcc: `-V' option must have argument
configure:3363: $? = 1
configure:3386: checking for C compiler default output file name
configure:3408: arm-linux-gcc -pipe -Os -march=armv4    conftest.c  >&5
configure:3412: $? = 0
configure:3450: result: a.out
configure:3469: checking whether the C compiler works
configure:3479: ./a.out
./configure: line 3481: ./a.out: cannot execute binary file
configure:3483: $? = 126
configure:3502: result: yes
configure:3509: checking whether we are cross compiling
configure:3511: result: yes
configure:3514: checking for suffix of executables
configure:3521: arm-linux-gcc -o conftest -pipe -Os -march=armv4    conftest.c  >&5
configure:3525: $? = 0
configure:3551: result: 
configure:3557: checking for suffix of object files
configure:3583: arm-linux-gcc -c -pipe -Os -march=armv4   conftest.c >&5
configure:3587: $? = 0
configure:3612: result: o
configure:3616: checking whether we are using the GNU C compiler
configure:3645: arm-linux-gcc -c -pipe -Os -march=armv4   conftest.c >&5
configure:3652: $? = 0
configure:3669: result: yes
configure:3678: checking whether arm-linux-gcc accepts -g
configure:3708: arm-linux-gcc -c -g  conftest.c >&5
configure:3715: $? = 0
configure:3816: result: yes
configure:3833: checking for arm-linux-gcc option to accept ISO C89
configure:3907: arm-linux-gcc  -c -pipe -Os -march=armv4   conftest.c >&5
configure:3914: $? = 0
configure:3937: result: none needed
configure:3957: checking dependency style of arm-linux-gcc
configure:4067: result: none
configure:4082: checking for a sed that does not truncate output
configure:4148: result: /bin/sed
configure:4166: checking for grep that handles long lines and -e
configure:4226: result: /bin/grep
configure:4231: checking for egrep
configure:4295: result: /bin/grep -E
configure:4300: checking for fgrep
configure:4364: result: /bin/grep -F
configure:4399: checking for ld used by arm-linux-gcc
configure:4466: result: /opt/snakeos-sdk/tools/arm-uclibc-3.4.6/arm-linux-uclibc/bin/ld
configure:4475: checking if the linker (/opt/snakeos-sdk/tools/arm-uclibc-3.4.6/arm-linux-uclibc/bin/ld) is GNU ld
configure:4490: result: yes
configure:4502: checking for BSD- or MS-compatible name lister (nm)
configure:4551: result: /usr/bin/nm -B
configure:4669: checking the name lister (/usr/bin/nm -B) interface
configure:4676: arm-linux-gcc -c -pipe -Os -march=armv4   conftest.c >&5
configure:4679: /usr/bin/nm -B "conftest.o"
configure:4682: output
00000000 b $d
00000000 B some_variable
configure:4689: result: BSD nm
configure:4692: checking whether ln -s works
configure:4696: result: yes
configure:4704: checking the maximum length of command line arguments
configure:4824: result: 805306365
configure:4841: checking whether the shell understands some XSI constructs
configure:4851: result: yes
configure:4855: checking whether the shell understands "+="
configure:4861: result: yes
configure:4896: checking for /opt/snakeos-sdk/tools/arm-uclibc-3.4.6/arm-linux-uclibc/bin/ld option to reload object files
configure:4903: result: -r
configure:4932: checking for i686-linux-gnu-objdump
configure:4962: result: no
configure:4972: checking for objdump
configure:4988: found /usr/bin/objdump
configure:4999: result: objdump
configure:5011: WARNING: using cross tools not prefixed with host triplet
configure:5031: checking how to recognize dependent libraries
configure:5227: result: pass_all
configure:5247: checking for i686-linux-gnu-ar
configure:5277: result: no
configure:5287: checking for ar
configure:5303: found /usr/bin/ar
configure:5314: result: ar
configure:5352: checking for i686-linux-gnu-strip
configure:5379: result: strip
configure:5451: checking for i686-linux-gnu-ranlib
configure:5481: result: no
configure:5491: checking for ranlib
configure:5507: found /usr/bin/ranlib
configure:5518: result: ranlib
configure:5608: checking command to parse /usr/bin/nm -B output from arm-linux-gcc object
configure:5726: arm-linux-gcc -c -pipe -Os -march=armv4   conftest.c >&5
configure:5729: $? = 0
configure:5733: /usr/bin/nm -B conftest.o \| sed -n -e 's/^.*[	 ]\([ABCDGIRSTW][ABCDGIRSTW]*\)[	 ][	 ]*\([_A-Za-z][_A-Za-z0-9]*\)$/\1 \2 \2/p' \> conftest.nm
configure:5736: $? = 0
configure:5790: arm-linux-gcc -o conftest -pipe -Os -march=armv4    conftest.c conftstm.o >&5
configure:5793: $? = 0
configure:5831: result: ok
configure:6698: checking how to run the C preprocessor
configure:6738: arm-linux-gcc -E  conftest.c
configure:6745: $? = 0
configure:6776: arm-linux-gcc -E  conftest.c
conftest.c:10:28: ac_nonexistent.h: No such file or directory
configure:6783: $? = 1
configure: failed program was:
| /* confdefs.h.  */
| #define PACKAGE_NAME "transmission"
| #define PACKAGE_TARNAME "transmission"
| #define PACKAGE_VERSION "1.92"
| #define PACKAGE_STRING "transmission 1.92"
| #define PACKAGE_BUGREPORT "http://trac.transmissionbt.com/newticket"
| #define PACKAGE "transmission"
| #define VERSION "1.92"
| /* end confdefs.h.  */
| #include <ac_nonexistent.h>
configure:6816: result: arm-linux-gcc -E
configure:6845: arm-linux-gcc -E  conftest.c
configure:6852: $? = 0
configure:6883: arm-linux-gcc -E  conftest.c
conftest.c:10:28: ac_nonexistent.h: No such file or directory
configure:6890: $? = 1
configure: failed program was:
| /* confdefs.h.  */
| #define PACKAGE_NAME "transmission"
| #define PACKAGE_TARNAME "transmission"
| #define PACKAGE_VERSION "1.92"
| #define PACKAGE_STRING "transmission 1.92"
| #define PACKAGE_BUGREPORT "http://trac.transmissionbt.com/newticket"
| #define PACKAGE "transmission"
| #define VERSION "1.92"
| /* end confdefs.h.  */
| #include <ac_nonexistent.h>
configure:6930: checking for ANSI C header files
configure:6960: arm-linux-gcc -c -pipe -Os -march=armv4   conftest.c >&5
configure:6967: $? = 0
configure:7098: result: yes
configure:7122: checking for sys/types.h
configure:7143: arm-linux-gcc -c -pipe -Os -march=armv4   conftest.c >&5
configure:7150: $? = 0
configure:7167: result: yes
configure:7122: checking for sys/stat.h
configure:7143: arm-linux-gcc -c -pipe -Os -march=armv4   conftest.c >&5
configure:7150: $? = 0
configure:7167: result: yes
configure:7122: checking for stdlib.h
configure:7143: arm-linux-gcc -c -pipe -Os -march=armv4   conftest.c >&5
configure:7150: $? = 0
configure:7167: result: yes
configure:7122: checking for string.h
configure:7143: arm-linux-gcc -c -pipe -Os -march=armv4   conftest.c >&5
configure:7150: $? = 0
configure:7167: result: yes
configure:7122: checking for memory.h
configure:7143: arm-linux-gcc -c -pipe -Os -march=armv4   conftest.c >&5
configure:7150: $? = 0
configure:7167: result: yes
configure:7122: checking for strings.h
configure:7143: arm-linux-gcc -c -pipe -Os -march=armv4   conftest.c >&5
configure:7150: $? = 0
configure:7167: result: yes
configure:7122: checking for inttypes.h
configure:7143: arm-linux-gcc -c -pipe -Os -march=armv4   conftest.c >&5
configure:7150: $? = 0
configure:7167: result: yes
configure:7122: checking for stdint.h
configure:7143: arm-linux-gcc -c -pipe -Os -march=armv4   conftest.c >&5
configure:7150: $? = 0
configure:7167: result: yes
configure:7122: checking for unistd.h
configure:7143: arm-linux-gcc -c -pipe -Os -march=armv4   conftest.c >&5
configure:7150: $? = 0
configure:7167: result: yes
configure:7185: checking for dlfcn.h
configure:7206: arm-linux-gcc -c -pipe -Os -march=armv4   conftest.c >&5
configure:7213: $? = 0
configure:7230: result: yes
configure:7416: checking for objdir
configure:7431: result: .libs
configure:7727: checking if arm-linux-gcc supports -fno-rtti -fno-exceptions
configure:7745: arm-linux-gcc -c -pipe -Os -march=armv4   -fno-rtti -fno-exceptions conftest.c >&5
cc1: warning: command line option "-fno-rtti" is valid for C++/ObjC++ but not for C
configure:7749: $? = 0
configure:7762: result: no
configure:7782: checking for arm-linux-gcc option to produce PIC
configure:8054: result: -fPIC -DPIC
configure:8066: checking if arm-linux-gcc PIC flag -fPIC -DPIC works
configure:8084: arm-linux-gcc -c -pipe -Os -march=armv4   -fPIC -DPIC -DPIC conftest.c >&5
configure:8088: $? = 0
configure:8101: result: yes
configure:8125: checking if arm-linux-gcc static flag -static works
configure:8153: result: yes
configure:8168: checking if arm-linux-gcc supports -c -o file.o
configure:8189: arm-linux-gcc -c -pipe -Os -march=armv4   -o out/conftest2.o conftest.c >&5
configure:8193: $? = 0
configure:8215: result: yes
configure:8223: checking if arm-linux-gcc supports -c -o file.o
configure:8270: result: yes
configure:8303: checking whether the arm-linux-gcc linker (/opt/snakeos-sdk/tools/arm-uclibc-3.4.6/arm-linux-uclibc/bin/ld) supports shared libraries
configure:9377: result: yes
configure:9616: checking dynamic linker characteristics
configure:10059: arm-linux-gcc -o conftest -pipe -Os -march=armv4    -Wl,-rpath -Wl,/foo conftest.c  >&5
configure:10066: $? = 0
configure:10302: result: GNU/Linux ld.so
configure:10404: checking how to hardcode library paths into programs
configure:10429: result: immediate
configure:11262: checking whether stripping libraries is possible
configure:11267: result: yes
configure:11302: checking if libtool supports shared libraries
configure:11304: result: yes
configure:11307: checking whether to build shared libraries
configure:11328: result: no
configure:11331: checking whether to build static libraries
configure:11335: result: yes
configure:11449: checking for i686-linux-gnu-gcc
configure:11476: result: arm-linux-gcc
configure:11748: checking for C compiler version
configure:11756: arm-linux-gcc --version >&5
arm-linux-gcc (GCC) 3.4.6
Copyright (C) 2006 Free Software Foundation, Inc.
This is free software; see the source for copying conditions.  There is NO
warranty; not even for MERCHANTABILITY or FITNESS FOR A PARTICULAR PURPOSE.

configure:11760: $? = 0
configure:11767: arm-linux-gcc -v >&5
Reading specs from /opt/snakeos-sdk/tools/arm-uclibc-3.4.6/bin/../lib/gcc/arm-linux-uclibc/3.4.6/specs
Configured with: /home/project/CROSS_GCC/buildroot-20070310/toolchain_build_arm_nofpu/gcc-3.4.6/configure --prefix=/usr/local/arm-linux-uclibc-3.4.6 --build=i386-pc-linux-gnu --host=i386-pc-linux-gnu --target=arm-linux-uclibc --enable-languages=c,c++ --disable-__cxa_atexit --enable-target-optspace --with-gnu-ld --enable-shared --disable-nls --enable-threads --disable-multilib --with-float=soft : (reconfigured) /home/project/CROSS_GCC/buildroot-20070310/toolchain_build_arm_nofpu/gcc-3.4.6/configure --prefix=/usr/local/arm-linux-uclibc-3.4.6 --build=i386-pc-linux-gnu --host=i386-pc-linux-gnu --target=arm-linux-uclibc --enable-languages=c,c++ --disable-__cxa_atexit --enable-target-optspace --with-gnu-ld --enable-shared --disable-nls --enable-threads --disable-multilib --with-float=soft
Thread model: posix
gcc version 3.4.6
configure:11771: $? = 0
configure:11778: arm-linux-gcc -V >&5
arm-linux-gcc: `-V' option must have argument
configure:11782: $? = 1
configure:11785: checking whether we are using the GNU C compiler
configure:11838: result: yes
configure:11847: checking whether arm-linux-gcc accepts -g
configure:11985: result: yes
configure:12002: checking for arm-linux-gcc option to accept ISO C89
configure:12106: result: none needed
configure:12126: checking dependency style of arm-linux-gcc
configure:12236: result: none
configure:12265: checking for i686-linux-gnu-g++
configure:12295: result: no
configure:12265: checking for i686-linux-gnu-c++
configure:12295: result: no
configure:12265: checking for i686-linux-gnu-gpp
configure:12295: result: no
configure:12265: checking for i686-linux-gnu-aCC
configure:12295: result: no
configure:12265: checking for i686-linux-gnu-CC
configure:12295: result: no
configure:12265: checking for i686-linux-gnu-cxx
configure:12295: result: no
configure:12265: checking for i686-linux-gnu-cc++
configure:12295: result: no
configure:12265: checking for i686-linux-gnu-cl.exe
configure:12295: result: no
configure:12265: checking for i686-linux-gnu-FCC
configure:12295: result: no
configure:12265: checking for i686-linux-gnu-KCC
configure:12295: result: no
configure:12265: checking for i686-linux-gnu-RCC
configure:12295: result: no
configure:12265: checking for i686-linux-gnu-xlC_r
configure:12295: result: no
configure:12265: checking for i686-linux-gnu-xlC
configure:12295: result: no
configure:12309: checking for g++
configure:12325: found /usr/bin/g++
configure:12336: result: g++
configure:12363: checking for C++ compiler version
configure:12371: g++ --version >&5
g++ (Ubuntu 4.4.1-4ubuntu9) 4.4.1
Copyright (C) 2009 Free Software Foundation, Inc.
This is free software; see the source for copying conditions.  There is NO
warranty; not even for MERCHANTABILITY or FITNESS FOR A PARTICULAR PURPOSE.

configure:12375: $? = 0
configure:12382: g++ -v >&5
Using built-in specs.
Target: i486-linux-gnu
Configured with: ../src/configure -v --with-pkgversion='Ubuntu 4.4.1-4ubuntu9' --with-bugurl=file:///usr/share/doc/gcc-4.4/README.Bugs --enable-languages=c,c++,fortran,objc,obj-c++ --prefix=/usr --enable-shared --enable-multiarch --enable-linker-build-id --with-system-zlib --libexecdir=/usr/lib --without-included-gettext --enable-threads=posix --with-gxx-include-dir=/usr/include/c++/4.4 --program-suffix=-4.4 --enable-nls --enable-clocale=gnu --enable-libstdcxx-debug --enable-objc-gc --enable-targets=all --disable-werror --with-arch-32=i486 --with-tune=generic --enable-checking=release --build=i486-linux-gnu --host=i486-linux-gnu --target=i486-linux-gnu
Thread model: posix
gcc version 4.4.1 (Ubuntu 4.4.1-4ubuntu9) 
configure:12386: $? = 0
configure:12393: g++ -V >&5
g++: '-V' option must have argument
configure:12397: $? = 1
configure:12400: checking whether we are using the GNU C++ compiler
configure:12429: g++ -c  -g -O3   -DNDEBUG conftest.cpp >&5
configure:12436: $? = 0
configure:12453: result: yes
configure:12462: checking whether g++ accepts -g
configure:12492: g++ -c -g  -DNDEBUG conftest.cpp >&5
configure:12499: $? = 0
configure:12600: result: yes
configure:12625: checking dependency style of g++
configure:12735: result: none
configure:12863: checking for C++ compiler version
configure:12871: g++ --version >&5
g++ (Ubuntu 4.4.1-4ubuntu9) 4.4.1
Copyright (C) 2009 Free Software Foundation, Inc.
This is free software; see the source for copying conditions.  There is NO
warranty; not even for MERCHANTABILITY or FITNESS FOR A PARTICULAR PURPOSE.

configure:12875: $? = 0
configure:12882: g++ -v >&5
Using built-in specs.
Target: i486-linux-gnu
Configured with: ../src/configure -v --with-pkgversion='Ubuntu 4.4.1-4ubuntu9' --with-bugurl=file:///usr/share/doc/gcc-4.4/README.Bugs --enable-languages=c,c++,fortran,objc,obj-c++ --prefix=/usr --enable-shared --enable-multiarch --enable-linker-build-id --with-system-zlib --libexecdir=/usr/lib --without-included-gettext --enable-threads=posix --with-gxx-include-dir=/usr/include/c++/4.4 --program-suffix=-4.4 --enable-nls --enable-clocale=gnu --enable-libstdcxx-debug --enable-objc-gc --enable-targets=all --disable-werror --with-arch-32=i486 --with-tune=generic --enable-checking=release --build=i486-linux-gnu --host=i486-linux-gnu --target=i486-linux-gnu
Thread model: posix
gcc version 4.4.1 (Ubuntu 4.4.1-4ubuntu9) 
configure:12886: $? = 0
configure:12893: g++ -V >&5
g++: '-V' option must have argument
configure:12897: $? = 1
configure:12900: checking whether we are using the GNU C++ compiler
configure:12953: result: yes
configure:12962: checking whether g++ accepts -g
configure:13100: result: yes
configure:13125: checking dependency style of g++
configure:13235: result: none
configure:13258: checking how to run the C++ preprocessor
configure:13294: g++ -E  -DNDEBUG conftest.cpp
configure:13301: $? = 0
configure:13332: g++ -E  -DNDEBUG conftest.cpp
conftest.cpp:22:28: error: ac_nonexistent.h: No such file or directory
configure:13339: $? = 1
configure: failed program was:
| /* confdefs.h.  */
| #define PACKAGE_NAME "transmission"
| #define PACKAGE_TARNAME "transmission"
| #define PACKAGE_VERSION "1.92"
| #define PACKAGE_STRING "transmission 1.92"
| #define PACKAGE_BUGREPORT "http://trac.transmissionbt.com/newticket"
| #define PACKAGE "transmission"
| #define VERSION "1.92"
| #define STDC_HEADERS 1
| #define HAVE_SYS_TYPES_H 1
| #define HAVE_SYS_STAT_H 1
| #define HAVE_STDLIB_H 1
| #define HAVE_STRING_H 1
| #define HAVE_MEMORY_H 1
| #define HAVE_STRINGS_H 1
| #define HAVE_INTTYPES_H 1
| #define HAVE_STDINT_H 1
| #define HAVE_UNISTD_H 1
| #define HAVE_DLFCN_H 1
| #define LT_OBJDIR ".libs/"
| /* end confdefs.h.  */
| #include <ac_nonexistent.h>
configure:13372: result: g++ -E
configure:13401: g++ -E  -DNDEBUG conftest.cpp
configure:13408: $? = 0
configure:13439: g++ -E  -DNDEBUG conftest.cpp
conftest.cpp:22:28: error: ac_nonexistent.h: No such file or directory
configure:13446: $? = 1
configure: failed program was:
| /* confdefs.h.  */
| #define PACKAGE_NAME "transmission"
| #define PACKAGE_TARNAME "transmission"
| #define PACKAGE_VERSION "1.92"
| #define PACKAGE_STRING "transmission 1.92"
| #define PACKAGE_BUGREPORT "http://trac.transmissionbt.com/newticket"
| #define PACKAGE "transmission"
| #define VERSION "1.92"
| #define STDC_HEADERS 1
| #define HAVE_SYS_TYPES_H 1
| #define HAVE_SYS_STAT_H 1
| #define HAVE_STDLIB_H 1
| #define HAVE_STRING_H 1
| #define HAVE_MEMORY_H 1
| #define HAVE_STRINGS_H 1
| #define HAVE_INTTYPES_H 1
| #define HAVE_STDINT_H 1
| #define HAVE_UNISTD_H 1
| #define HAVE_DLFCN_H 1
| #define LT_OBJDIR ".libs/"
| /* end confdefs.h.  */
| #include <ac_nonexistent.h>
configure:13622: checking for ld used by g++
configure:13689: result: /opt/snakeos-sdk/tools/arm-uclibc-3.4.6/arm-linux-uclibc/bin/ld
configure:13698: checking if the linker (/opt/snakeos-sdk/tools/arm-uclibc-3.4.6/arm-linux-uclibc/bin/ld) is GNU ld
configure:13713: result: yes
configure:13768: checking whether the g++ linker (/opt/snakeos-sdk/tools/arm-uclibc-3.4.6/arm-linux-uclibc/bin/ld) supports shared libraries
configure:14743: result: yes
configure:14771: g++ -c  -g -O3   -DNDEBUG conftest.cpp >&5
configure:14774: $? = 0
configure:14956: checking for g++ option to produce PIC
configure:15273: result: -fPIC -DPIC
configure:15282: checking if g++ PIC flag -fPIC -DPIC works
configure:15300: g++ -c  -g -O3   -DNDEBUG -fPIC -DPIC -DPIC conftest.cpp >&5
configure:15304: $? = 0
configure:15317: result: yes
configure:15338: checking if g++ static flag -static works
configure:15366: result: yes
configure:15378: checking if g++ supports -c -o file.o
configure:15399: g++ -c  -g -O3   -DNDEBUG -o out/conftest2.o conftest.cpp >&5
configure:15403: $? = 0
configure:15425: result: yes
configure:15430: checking if g++ supports -c -o file.o
configure:15477: result: yes
configure:15507: checking whether the g++ linker (/opt/snakeos-sdk/tools/arm-uclibc-3.4.6/arm-linux-uclibc/bin/ld) supports shared libraries
configure:15533: result: yes
configure:15670: checking dynamic linker characteristics
configure:16061: g++ -o conftest  -g -O3   -DNDEBUG  -Wl,-rpath -Wl,/foo conftest.cpp  >&5
configure:16068: $? = 0
configure:16304: result: GNU/Linux ld.so
configure:16355: checking how to hardcode library paths into programs
configure:16380: result: immediate
configure:16419: checking for inline
configure:16445: arm-linux-gcc -c -pipe -Os -march=armv4  -g -O3   -DNDEBUG conftest.c >&5
configure:16452: $? = 0
configure:16470: result: inline
configure:16493: checking gcc version
configure:16500: result: 3.4.6
configure:16507: checking for ANSI C header files
configure:16675: result: yes
configure:16685: checking whether time.h and sys/time.h may both be included
configure:16715: arm-linux-gcc -c -pipe -Os -march=armv4  -g -O3  -std=gnu99 -ggdb3 -Wall -W -Wpointer-arith -Wformat-security -Wcast-align -Wundef -Wcast-align -Wstrict-prototypes -Wmissing-declarations -Wmissing-format-attribute -Wredundant-decls -Wnested-externs -Wunused-parameter -Wwrite-strings -Wextra -Wdeclaration-after-statement -Winit-self  -DNDEBUG conftest.c >&5
conftest.c:29: warning: function declaration isn't a prototype
configure:16722: $? = 0
configure:16737: result: yes
configure:16768: checking for pread
configure:16824: arm-linux-gcc -o conftest -pipe -Os -march=armv4  -g -O3  -std=gnu99 -ggdb3 -Wall -W -Wpointer-arith -Wformat-security -Wcast-align -Wundef -Wcast-align -Wstrict-prototypes -Wmissing-declarations -Wmissing-format-attribute -Wredundant-decls -Wnested-externs -Wunused-parameter -Wwrite-strings -Wextra -Wdeclaration-after-statement -Winit-self  -DNDEBUG  conftest.c  >&5
conftest.c:47: warning: function declaration isn't a prototype
conftest.c:57: warning: function declaration isn't a prototype
configure:16831: $? = 0
configure:16853: result: yes
configure:16768: checking for pwrite
configure:16824: arm-linux-gcc -o conftest -pipe -Os -march=armv4  -g -O3  -std=gnu99 -ggdb3 -Wall -W -Wpointer-arith -Wformat-security -Wcast-align -Wundef -Wcast-align -Wstrict-prototypes -Wmissing-declarations -Wmissing-format-attribute -Wredundant-decls -Wnested-externs -Wunused-parameter -Wwrite-strings -Wextra -Wdeclaration-after-statement -Winit-self  -DNDEBUG  conftest.c  >&5
conftest.c:48: warning: function declaration isn't a prototype
conftest.c:58: warning: function declaration isn't a prototype
configure:16831: $? = 0
configure:16853: result: yes
configure:16768: checking for lrintf
configure:16824: arm-linux-gcc -o conftest -pipe -Os -march=armv4  -g -O3  -std=gnu99 -ggdb3 -Wall -W -Wpointer-arith -Wformat-security -Wcast-align -Wundef -Wcast-align -Wstrict-prototypes -Wmissing-declarations -Wmissing-format-attribute -Wredundant-decls -Wnested-externs -Wunused-parameter -Wwrite-strings -Wextra -Wdeclaration-after-statement -Winit-self  -DNDEBUG  conftest.c  >&5
conftest.c:49: warning: function declaration isn't a prototype
conftest.c:49: warning: conflicting types for built-in function 'lrintf'
conftest.c:59: warning: function declaration isn't a prototype
/tmp/cczo3YVN.o: In function `main':
/opt/snakeos-sdk/apps/transmission/conftest.c:60: undefined reference to `lrintf'
collect2: ld returned 1 exit status
configure:16831: $? = 1
configure: failed program was:
| /* confdefs.h.  */
| #define PACKAGE_NAME "transmission"
| #define PACKAGE_TARNAME "transmission"
| #define PACKAGE_VERSION "1.92"
| #define PACKAGE_STRING "transmission 1.92"
| #define PACKAGE_BUGREPORT "http://trac.transmissionbt.com/newticket"
| #define PACKAGE "transmission"
| #define VERSION "1.92"
| #define STDC_HEADERS 1
| #define HAVE_SYS_TYPES_H 1
| #define HAVE_SYS_STAT_H 1
| #define HAVE_STDLIB_H 1
| #define HAVE_STRING_H 1
| #define HAVE_MEMORY_H 1
| #define HAVE_STRINGS_H 1
| #define HAVE_INTTYPES_H 1
| #define HAVE_STDINT_H 1
| #define HAVE_UNISTD_H 1
| #define HAVE_DLFCN_H 1
| #define LT_OBJDIR ".libs/"
| #define STDC_HEADERS 1
| #define TIME_WITH_SYS_TIME 1
| #define HAVE_PREAD 1
| #define HAVE_PWRITE 1
| /* end confdefs.h.  */
| /* Define lrintf to an innocuous variant, in case <limits.h> declares lrintf.
|    For example, HP-UX 11i <limits.h> declares gettimeofday.  */
| #define lrintf innocuous_lrintf
| 
| /* System header to define __stub macros and hopefully few prototypes,
|     which can conflict with char lrintf (); below.
|     Prefer <limits.h> to <assert.h> if __STDC__ is defined, since
|     <limits.h> exists even on freestanding compilers.  */
| 
| #ifdef __STDC__
| # include <limits.h>
| #else
| # include <assert.h>
| #endif
| 
| #undef lrintf
| 
| /* Override any GCC internal prototype to avoid an error.
|    Use char because int might match the return type of a GCC
|    builtin and then its argument prototype would still apply.  */
| #ifdef __cplusplus
| extern "C"
| #endif
| char lrintf ();
| /* The GNU C library defines this for functions which it implements
|     to always fail with ENOSYS.  Some functions are actually named
|     something starting with __ and the normal name is an alias.  */
| #if defined __stub_lrintf || defined __stub___lrintf
| choke me
| #endif
| 
| int
| main ()
| {
| return lrintf ();
|   ;
|   return 0;
| }
configure:16853: result: no
configure:16768: checking for strlcpy
configure:16824: arm-linux-gcc -o conftest -pipe -Os -march=armv4  -g -O3  -std=gnu99 -ggdb3 -Wall -W -Wpointer-arith -Wformat-security -Wcast-align -Wundef -Wcast-align -Wstrict-prototypes -Wmissing-declarations -Wmissing-format-attribute -Wredundant-decls -Wnested-externs -Wunused-parameter -Wwrite-strings -Wextra -Wdeclaration-after-statement -Winit-self  -DNDEBUG  conftest.c  >&5
conftest.c:49: warning: function declaration isn't a prototype
conftest.c:59: warning: function declaration isn't a prototype
configure:16831: $? = 0
configure:16853: result: yes
configure:16768: checking for daemon
configure:16824: arm-linux-gcc -o conftest -pipe -Os -march=armv4  -g -O3  -std=gnu99 -ggdb3 -Wall -W -Wpointer-arith -Wformat-security -Wcast-align -Wundef -Wcast-align -Wstrict-prototypes -Wmissing-declarations -Wmissing-format-attribute -Wredundant-decls -Wnested-externs -Wunused-parameter -Wwrite-strings -Wextra -Wdeclaration-after-statement -Winit-self  -DNDEBUG  conftest.c  >&5
conftest.c:50: warning: function declaration isn't a prototype
conftest.c:60: warning: function declaration isn't a prototype
configure:16831: $? = 0
configure:16853: result: yes
configure:16768: checking for dirname
configure:16824: arm-linux-gcc -o conftest -pipe -Os -march=armv4  -g -O3  -std=gnu99 -ggdb3 -Wall -W -Wpointer-arith -Wformat-security -Wcast-align -Wundef -Wcast-align -Wstrict-prototypes -Wmissing-declarations -Wmissing-format-attribute -Wredundant-decls -Wnested-externs -Wunused-parameter -Wwrite-strings -Wextra -Wdeclaration-after-statement -Winit-self  -DNDEBUG  conftest.c  >&5
conftest.c:51: warning: function declaration isn't a prototype
conftest.c:61: warning: function declaration isn't a prototype
configure:16831: $? = 0
configure:16853: result: yes
configure:16768: checking for basename
configure:16824: arm-linux-gcc -o conftest -pipe -Os -march=armv4  -g -O3  -std=gnu99 -ggdb3 -Wall -W -Wpointer-arith -Wformat-security -Wcast-align -Wundef -Wcast-align -Wstrict-prototypes -Wmissing-declarations -Wmissing-format-attribute -Wredundant-decls -Wnested-externs -Wunused-parameter -Wwrite-strings -Wextra -Wdeclaration-after-statement -Winit-self  -DNDEBUG  conftest.c  >&5
conftest.c:52: warning: function declaration isn't a prototype
conftest.c:62: warning: function declaration isn't a prototype
configure:16831: $? = 0
configure:16853: result: yes
configure:16768: checking for strcasecmp
configure:16824: arm-linux-gcc -o conftest -pipe -Os -march=armv4  -g -O3  -std=gnu99 -ggdb3 -Wall -W -Wpointer-arith -Wformat-security -Wcast-align -Wundef -Wcast-align -Wstrict-prototypes -Wmissing-declarations -Wmissing-format-attribute -Wredundant-decls -Wnested-externs -Wunused-parameter -Wwrite-strings -Wextra -Wdeclaration-after-statement -Winit-self  -DNDEBUG  conftest.c  >&5
conftest.c:53: warning: function declaration isn't a prototype
conftest.c:63: warning: function declaration isn't a prototype
configure:16831: $? = 0
configure:16853: result: yes
configure:16768: checking for localtime_r
configure:16824: arm-linux-gcc -o conftest -pipe -Os -march=armv4  -g -O3  -std=gnu99 -ggdb3 -Wall -W -Wpointer-arith -Wformat-security -Wcast-align -Wundef -Wcast-align -Wstrict-prototypes -Wmissing-declarations -Wmissing-format-attribute -Wredundant-decls -Wnested-externs -Wunused-parameter -Wwrite-strings -Wextra -Wdeclaration-after-statement -Winit-self  -DNDEBUG  conftest.c  >&5
conftest.c:54: warning: function declaration isn't a prototype
conftest.c:64: warning: function declaration isn't a prototype
configure:16831: $? = 0
configure:16853: result: yes
configure:16768: checking for fallocate64
configure:16824: arm-linux-gcc -o conftest -pipe -Os -march=armv4  -g -O3  -std=gnu99 -ggdb3 -Wall -W -Wpointer-arith -Wformat-security -Wcast-align -Wundef -Wcast-align -Wstrict-prototypes -Wmissing-declarations -Wmissing-format-attribute -Wredundant-decls -Wnested-externs -Wunused-parameter -Wwrite-strings -Wextra -Wdeclaration-after-statement -Winit-self  -DNDEBUG  conftest.c  >&5
conftest.c:55: warning: function declaration isn't a prototype
conftest.c:65: warning: function declaration isn't a prototype
/tmp/ccjwX7Rj.o: In function `main':
/opt/snakeos-sdk/apps/transmission/conftest.c:66: undefined reference to `fallocate64'
collect2: ld returned 1 exit status
configure:16831: $? = 1
configure: failed program was:
| /* confdefs.h.  */
| #define PACKAGE_NAME "transmission"
| #define PACKAGE_TARNAME "transmission"
| #define PACKAGE_VERSION "1.92"
| #define PACKAGE_STRING "transmission 1.92"
| #define PACKAGE_BUGREPORT "http://trac.transmissionbt.com/newticket"
| #define PACKAGE "transmission"
| #define VERSION "1.92"
| #define STDC_HEADERS 1
| #define HAVE_SYS_TYPES_H 1
| #define HAVE_SYS_STAT_H 1
| #define HAVE_STDLIB_H 1
| #define HAVE_STRING_H 1
| #define HAVE_MEMORY_H 1
| #define HAVE_STRINGS_H 1
| #define HAVE_INTTYPES_H 1
| #define HAVE_STDINT_H 1
| #define HAVE_UNISTD_H 1
| #define HAVE_DLFCN_H 1
| #define LT_OBJDIR ".libs/"
| #define STDC_HEADERS 1
| #define TIME_WITH_SYS_TIME 1
| #define HAVE_PREAD 1
| #define HAVE_PWRITE 1
| #define HAVE_STRLCPY 1
| #define HAVE_DAEMON 1
| #define HAVE_DIRNAME 1
| #define HAVE_BASENAME 1
| #define HAVE_STRCASECMP 1
| #define HAVE_LOCALTIME_R 1
| /* end confdefs.h.  */
| /* Define fallocate64 to an innocuous variant, in case <limits.h> declares fallocate64.
|    For example, HP-UX 11i <limits.h> declares gettimeofday.  */
| #define fallocate64 innocuous_fallocate64
| 
| /* System header to define __stub macros and hopefully few prototypes,
|     which can conflict with char fallocate64 (); below.
|     Prefer <limits.h> to <assert.h> if __STDC__ is defined, since
|     <limits.h> exists even on freestanding compilers.  */
| 
| #ifdef __STDC__
| # include <limits.h>
| #else
| # include <assert.h>
| #endif
| 
| #undef fallocate64
| 
| /* Override any GCC internal prototype to avoid an error.
|    Use char because int might match the return type of a GCC
|    builtin and then its argument prototype would still apply.  */
| #ifdef __cplusplus
| extern "C"
| #endif
| char fallocate64 ();
| /* The GNU C library defines this for functions which it implements
|     to always fail with ENOSYS.  Some functions are actually named
|     something starting with __ and the normal name is an alias.  */
| #if defined __stub_fallocate64 || defined __stub___fallocate64
| choke me
| #endif
| 
| int
| main ()
| {
| return fallocate64 ();
|   ;
|   return 0;
| }
configure:16853: result: no
configure:16768: checking for posix_fallocate
configure:16824: arm-linux-gcc -o conftest -pipe -Os -march=armv4  -g -O3  -std=gnu99 -ggdb3 -Wall -W -Wpointer-arith -Wformat-security -Wcast-align -Wundef -Wcast-align -Wstrict-prototypes -Wmissing-declarations -Wmissing-format-attribute -Wredundant-decls -Wnested-externs -Wunused-parameter -Wwrite-strings -Wextra -Wdeclaration-after-statement -Winit-self  -DNDEBUG  conftest.c  >&5
conftest.c:55: warning: function declaration isn't a prototype
conftest.c:65: warning: function declaration isn't a prototype
/tmp/ccMRYHZd.o: In function `main':
/opt/snakeos-sdk/apps/transmission/conftest.c:66: undefined reference to `posix_fallocate'
collect2: ld returned 1 exit status
configure:16831: $? = 1
configure: failed program was:
| /* confdefs.h.  */
| #define PACKAGE_NAME "transmission"
| #define PACKAGE_TARNAME "transmission"
| #define PACKAGE_VERSION "1.92"
| #define PACKAGE_STRING "transmission 1.92"
| #define PACKAGE_BUGREPORT "http://trac.transmissionbt.com/newticket"
| #define PACKAGE "transmission"
| #define VERSION "1.92"
| #define STDC_HEADERS 1
| #define HAVE_SYS_TYPES_H 1
| #define HAVE_SYS_STAT_H 1
| #define HAVE_STDLIB_H 1
| #define HAVE_STRING_H 1
| #define HAVE_MEMORY_H 1
| #define HAVE_STRINGS_H 1
| #define HAVE_INTTYPES_H 1
| #define HAVE_STDINT_H 1
| #define HAVE_UNISTD_H 1
| #define HAVE_DLFCN_H 1
| #define LT_OBJDIR ".libs/"
| #define STDC_HEADERS 1
| #define TIME_WITH_SYS_TIME 1
| #define HAVE_PREAD 1
| #define HAVE_PWRITE 1
| #define HAVE_STRLCPY 1
| #define HAVE_DAEMON 1
| #define HAVE_DIRNAME 1
| #define HAVE_BASENAME 1
| #define HAVE_STRCASECMP 1
| #define HAVE_LOCALTIME_R 1
| /* end confdefs.h.  */
| /* Define posix_fallocate to an innocuous variant, in case <limits.h> declares posix_fallocate.
|    For example, HP-UX 11i <limits.h> declares gettimeofday.  */
| #define posix_fallocate innocuous_posix_fallocate
| 
| /* System header to define __stub macros and hopefully few prototypes,
|     which can conflict with char posix_fallocate (); below.
|     Prefer <limits.h> to <assert.h> if __STDC__ is defined, since
|     <limits.h> exists even on freestanding compilers.  */
| 
| #ifdef __STDC__
| # include <limits.h>
| #else
| # include <assert.h>
| #endif
| 
| #undef posix_fallocate
| 
| /* Override any GCC internal prototype to avoid an error.
|    Use char because int might match the return type of a GCC
|    builtin and then its argument prototype would still apply.  */
| #ifdef __cplusplus
| extern "C"
| #endif
| char posix_fallocate ();
| /* The GNU C library defines this for functions which it implements
|     to always fail with ENOSYS.  Some functions are actually named
|     something starting with __ and the normal name is an alias.  */
| #if defined __stub_posix_fallocate || defined __stub___posix_fallocate
| choke me
| #endif
| 
| int
| main ()
| {
| return posix_fallocate ();
|   ;
|   return 0;
| }
configure:16853: result: no
configure:16768: checking for memmem
configure:16824: arm-linux-gcc -o conftest -pipe -Os -march=armv4  -g -O3  -std=gnu99 -ggdb3 -Wall -W -Wpointer-arith -Wformat-security -Wcast-align -Wundef -Wcast-align -Wstrict-prototypes -Wmissing-declarations -Wmissing-format-attribute -Wredundant-decls -Wnested-externs -Wunused-parameter -Wwrite-strings -Wextra -Wdeclaration-after-statement -Winit-self  -DNDEBUG  conftest.c  >&5
conftest.c:55: warning: function declaration isn't a prototype
conftest.c:65: warning: function declaration isn't a prototype
configure:16831: $? = 0
configure:16853: result: yes
configure:16768: checking for strtold
configure:16824: arm-linux-gcc -o conftest -pipe -Os -march=armv4  -g -O3  -std=gnu99 -ggdb3 -Wall -W -Wpointer-arith -Wformat-security -Wcast-align -Wundef -Wcast-align -Wstrict-prototypes -Wmissing-declarations -Wmissing-format-attribute -Wredundant-decls -Wnested-externs -Wunused-parameter -Wwrite-strings -Wextra -Wdeclaration-after-statement -Winit-self  -DNDEBUG  conftest.c  >&5
conftest.c:56: warning: function declaration isn't a prototype
conftest.c:66: warning: function declaration isn't a prototype
configure:16831: $? = 0
configure:16853: result: yes
configure:16768: checking for syslog
configure:16824: arm-linux-gcc -o conftest -pipe -Os -march=armv4  -g -O3  -std=gnu99 -ggdb3 -Wall -W -Wpointer-arith -Wformat-security -Wcast-align -Wundef -Wcast-align -Wstrict-prototypes -Wmissing-declarations -Wmissing-format-attribute -Wredundant-decls -Wnested-externs -Wunused-parameter -Wwrite-strings -Wextra -Wdeclaration-after-statement -Winit-self  -DNDEBUG  conftest.c  >&5
conftest.c:57: warning: function declaration isn't a prototype
conftest.c:67: warning: function declaration isn't a prototype
configure:16831: $? = 0
configure:16853: result: yes
configure:16768: checking for valloc
configure:16824: arm-linux-gcc -o conftest -pipe -Os -march=armv4  -g -O3  -std=gnu99 -ggdb3 -Wall -W -Wpointer-arith -Wformat-security -Wcast-align -Wundef -Wcast-align -Wstrict-prototypes -Wmissing-declarations -Wmissing-format-attribute -Wredundant-decls -Wnested-externs -Wunused-parameter -Wwrite-strings -Wextra -Wdeclaration-after-statement -Winit-self  -DNDEBUG  conftest.c  >&5
conftest.c:58: warning: function declaration isn't a prototype
conftest.c:68: warning: function declaration isn't a prototype
configure:16831: $? = 0
configure:16853: result: yes
configure:16768: checking for getpagesize
configure:16824: arm-linux-gcc -o conftest -pipe -Os -march=armv4  -g -O3  -std=gnu99 -ggdb3 -Wall -W -Wpointer-arith -Wformat-security -Wcast-align -Wundef -Wcast-align -Wstrict-prototypes -Wmissing-declarations -Wmissing-format-attribute -Wredundant-decls -Wnested-externs -Wunused-parameter -Wwrite-strings -Wextra -Wdeclaration-after-statement -Winit-self  -DNDEBUG  conftest.c  >&5
conftest.c:59: warning: function declaration isn't a prototype
conftest.c:69: warning: function declaration isn't a prototype
configure:16831: $? = 0
configure:16853: result: yes
configure:16768: checking for posix_memalign
configure:16824: arm-linux-gcc -o conftest -pipe -Os -march=armv4  -g -O3  -std=gnu99 -ggdb3 -Wall -W -Wpointer-arith -Wformat-security -Wcast-align -Wundef -Wcast-align -Wstrict-prototypes -Wmissing-declarations -Wmissing-format-attribute -Wredundant-decls -Wnested-externs -Wunused-parameter -Wwrite-strings -Wextra -Wdeclaration-after-statement -Winit-self  -DNDEBUG  conftest.c  >&5
conftest.c:60: warning: function declaration isn't a prototype
conftest.c:70: warning: function declaration isn't a prototype
/tmp/ccOIWXOE.o: In function `main':
/opt/snakeos-sdk/apps/transmission/conftest.c:71: undefined reference to `posix_memalign'
collect2: ld returned 1 exit status
configure:16831: $? = 1
configure: failed program was:
| /* confdefs.h.  */
| #define PACKAGE_NAME "transmission"
| #define PACKAGE_TARNAME "transmission"
| #define PACKAGE_VERSION "1.92"
| #define PACKAGE_STRING "transmission 1.92"
| #define PACKAGE_BUGREPORT "http://trac.transmissionbt.com/newticket"
| #define PACKAGE "transmission"
| #define VERSION "1.92"
| #define STDC_HEADERS 1
| #define HAVE_SYS_TYPES_H 1
| #define HAVE_SYS_STAT_H 1
| #define HAVE_STDLIB_H 1
| #define HAVE_STRING_H 1
| #define HAVE_MEMORY_H 1
| #define HAVE_STRINGS_H 1
| #define HAVE_INTTYPES_H 1
| #define HAVE_STDINT_H 1
| #define HAVE_UNISTD_H 1
| #define HAVE_DLFCN_H 1
| #define LT_OBJDIR ".libs/"
| #define STDC_HEADERS 1
| #define TIME_WITH_SYS_TIME 1
| #define HAVE_PREAD 1
| #define HAVE_PWRITE 1
| #define HAVE_STRLCPY 1
| #define HAVE_DAEMON 1
| #define HAVE_DIRNAME 1
| #define HAVE_BASENAME 1
| #define HAVE_STRCASECMP 1
| #define HAVE_LOCALTIME_R 1
| #define HAVE_MEMMEM 1
| #define HAVE_STRTOLD 1
| #define HAVE_SYSLOG 1
| #define HAVE_VALLOC 1
| #define HAVE_GETPAGESIZE 1
| /* end confdefs.h.  */
| /* Define posix_memalign to an innocuous variant, in case <limits.h> declares posix_memalign.
|    For example, HP-UX 11i <limits.h> declares gettimeofday.  */
| #define posix_memalign innocuous_posix_memalign
| 
| /* System header to define __stub macros and hopefully few prototypes,
|     which can conflict with char posix_memalign (); below.
|     Prefer <limits.h> to <assert.h> if __STDC__ is defined, since
|     <limits.h> exists even on freestanding compilers.  */
| 
| #ifdef __STDC__
| # include <limits.h>
| #else
| # include <assert.h>
| #endif
| 
| #undef posix_memalign
| 
| /* Override any GCC internal prototype to avoid an error.
|    Use char because int might match the return type of a GCC
|    builtin and then its argument prototype would still apply.  */
| #ifdef __cplusplus
| extern "C"
| #endif
| char posix_memalign ();
| /* The GNU C library defines this for functions which it implements
|     to always fail with ENOSYS.  Some functions are actually named
|     something starting with __ and the normal name is an alias.  */
| #if defined __stub_posix_memalign || defined __stub___posix_memalign
| choke me
| #endif
| 
| int
| main ()
| {
| return posix_memalign ();
|   ;
|   return 0;
| }
configure:16853: result: no
configure:16879: checking for a BSD-compatible install
configure:16947: result: /usr/bin/install -c
configure:16958: checking whether make sets $(MAKE)
configure:16980: result: yes
configure:17185: checking for the pthreads library -lpthreads
configure:17228: arm-linux-gcc -o conftest -pipe -Os -march=armv4  -g -O3  -std=gnu99 -ggdb3 -Wall -W -Wpointer-arith -Wformat-security -Wcast-align -Wundef -Wcast-align -Wstrict-prototypes -Wmissing-declarations -Wmissing-format-attribute -Wredundant-decls -Wnested-externs -Wunused-parameter -Wwrite-strings -Wextra -Wdeclaration-after-statement -Winit-self   -DNDEBUG  conftest.c -lpthreads  >&5
conftest.c:40: warning: function declaration isn't a prototype
conftest.c: In function `main':
conftest.c:41: warning: 'th' might be used uninitialized in this function
/opt/snakeos-sdk/tools/arm-uclibc-3.4.6/bin/../lib/gcc/arm-linux-uclibc/3.4.6/../../../../arm-linux-uclibc/bin/ld: cannot find -lpthreads
collect2: ld returned 1 exit status
configure:17235: $? = 1
configure: failed program was:
| /* confdefs.h.  */
| #define PACKAGE_NAME "transmission"
| #define PACKAGE_TARNAME "transmission"
| #define PACKAGE_VERSION "1.92"
| #define PACKAGE_STRING "transmission 1.92"
| #define PACKAGE_BUGREPORT "http://trac.transmissionbt.com/newticket"
| #define PACKAGE "transmission"
| #define VERSION "1.92"
| #define STDC_HEADERS 1
| #define HAVE_SYS_TYPES_H 1
| #define HAVE_SYS_STAT_H 1
| #define HAVE_STDLIB_H 1
| #define HAVE_STRING_H 1
| #define HAVE_MEMORY_H 1
| #define HAVE_STRINGS_H 1
| #define HAVE_INTTYPES_H 1
| #define HAVE_STDINT_H 1
| #define HAVE_UNISTD_H 1
| #define HAVE_DLFCN_H 1
| #define LT_OBJDIR ".libs/"
| #define STDC_HEADERS 1
| #define TIME_WITH_SYS_TIME 1
| #define HAVE_PREAD 1
| #define HAVE_PWRITE 1
| #define HAVE_STRLCPY 1
| #define HAVE_DAEMON 1
| #define HAVE_DIRNAME 1
| #define HAVE_BASENAME 1
| #define HAVE_STRCASECMP 1
| #define HAVE_LOCALTIME_R 1
| #define HAVE_MEMMEM 1
| #define HAVE_STRTOLD 1
| #define HAVE_SYSLOG 1
| #define HAVE_VALLOC 1
| #define HAVE_GETPAGESIZE 1
| /* end confdefs.h.  */
| #include <pthread.h>
| int
| main ()
| {
| pthread_t th; pthread_join(th, 0);
|                      pthread_attr_init(0); pthread_cleanup_push(0, 0);
|                      pthread_create(0,0,0,0); pthread_cleanup_pop(0);
|   ;
|   return 0;
| }
configure:17258: result: no
configure:17130: checking whether pthreads work without any flags
configure:17228: arm-linux-gcc -o conftest -pipe -Os -march=armv4  -g -O3  -std=gnu99 -ggdb3 -Wall -W -Wpointer-arith -Wformat-security -Wcast-align -Wundef -Wcast-align -Wstrict-prototypes -Wmissing-declarations -Wmissing-format-attribute -Wredundant-decls -Wnested-externs -Wunused-parameter -Wwrite-strings -Wextra -Wdeclaration-after-statement -Winit-self   -DNDEBUG  conftest.c   >&5
conftest.c:40: warning: function declaration isn't a prototype
conftest.c: In function `main':
conftest.c:41: warning: 'th' might be used uninitialized in this function
/tmp/cc996pcP.o: In function `main':
/opt/snakeos-sdk/apps/transmission/conftest.c:41: undefined reference to `pthread_join'
/opt/snakeos-sdk/apps/transmission/conftest.c:42: undefined reference to `_pthread_cleanup_push'
/opt/snakeos-sdk/apps/transmission/conftest.c:43: undefined reference to `pthread_create'
/opt/snakeos-sdk/apps/transmission/conftest.c:43: undefined reference to `_pthread_cleanup_pop'
collect2: ld returned 1 exit status
configure:17235: $? = 1
configure: failed program was:
| /* confdefs.h.  */
| #define PACKAGE_NAME "transmission"
| #define PACKAGE_TARNAME "transmission"
| #define PACKAGE_VERSION "1.92"
| #define PACKAGE_STRING "transmission 1.92"
| #define PACKAGE_BUGREPORT "http://trac.transmissionbt.com/newticket"
| #define PACKAGE "transmission"
| #define VERSION "1.92"
| #define STDC_HEADERS 1
| #define HAVE_SYS_TYPES_H 1
| #define HAVE_SYS_STAT_H 1
| #define HAVE_STDLIB_H 1
| #define HAVE_STRING_H 1
| #define HAVE_MEMORY_H 1
| #define HAVE_STRINGS_H 1
| #define HAVE_INTTYPES_H 1
| #define HAVE_STDINT_H 1
| #define HAVE_UNISTD_H 1
| #define HAVE_DLFCN_H 1
| #define LT_OBJDIR ".libs/"
| #define STDC_HEADERS 1
| #define TIME_WITH_SYS_TIME 1
| #define HAVE_PREAD 1
| #define HAVE_PWRITE 1
| #define HAVE_STRLCPY 1
| #define HAVE_DAEMON 1
| #define HAVE_DIRNAME 1
| #define HAVE_BASENAME 1
| #define HAVE_STRCASECMP 1
| #define HAVE_LOCALTIME_R 1
| #define HAVE_MEMMEM 1
| #define HAVE_STRTOLD 1
| #define HAVE_SYSLOG 1
| #define HAVE_VALLOC 1
| #define HAVE_GETPAGESIZE 1
| /* end confdefs.h.  */
| #include <pthread.h>
| int
| main ()
| {
| pthread_t th; pthread_join(th, 0);
|                      pthread_attr_init(0); pthread_cleanup_push(0, 0);
|                      pthread_create(0,0,0,0); pthread_cleanup_pop(0);
|   ;
|   return 0;
| }
configure:17258: result: no
configure:17135: checking whether pthreads work with -Kthread
configure:17228: arm-linux-gcc -o conftest -pipe -Os -march=armv4  -g -O3  -std=gnu99 -ggdb3 -Wall -W -Wpointer-arith -Wformat-security -Wcast-align -Wundef -Wcast-align -Wstrict-prototypes -Wmissing-declarations -Wmissing-format-attribute -Wredundant-decls -Wnested-externs -Wunused-parameter -Wwrite-strings -Wextra -Wdeclaration-after-statement -Winit-self -Kthread  -DNDEBUG  conftest.c   >&5
arm-linux-gcc: unrecognized option `-Kthread'
conftest.c:40: warning: function declaration isn't a prototype
conftest.c: In function `main':
conftest.c:41: warning: 'th' might be used uninitialized in this function
/tmp/cc7TGozU.o: In function `main':
/opt/snakeos-sdk/apps/transmission/conftest.c:41: undefined reference to `pthread_join'
/opt/snakeos-sdk/apps/transmission/conftest.c:42: undefined reference to `_pthread_cleanup_push'
/opt/snakeos-sdk/apps/transmission/conftest.c:43: undefined reference to `pthread_create'
/opt/snakeos-sdk/apps/transmission/conftest.c:43: undefined reference to `_pthread_cleanup_pop'
collect2: ld returned 1 exit status
configure:17235: $? = 1
configure: failed program was:
| /* confdefs.h.  */
| #define PACKAGE_NAME "transmission"
| #define PACKAGE_TARNAME "transmission"
| #define PACKAGE_VERSION "1.92"
| #define PACKAGE_STRING "transmission 1.92"
| #define PACKAGE_BUGREPORT "http://trac.transmissionbt.com/newticket"
| #define PACKAGE "transmission"
| #define VERSION "1.92"
| #define STDC_HEADERS 1
| #define HAVE_SYS_TYPES_H 1
| #define HAVE_SYS_STAT_H 1
| #define HAVE_STDLIB_H 1
| #define HAVE_STRING_H 1
| #define HAVE_MEMORY_H 1
| #define HAVE_STRINGS_H 1
| #define HAVE_INTTYPES_H 1
| #define HAVE_STDINT_H 1
| #define HAVE_UNISTD_H 1
| #define HAVE_DLFCN_H 1
| #define LT_OBJDIR ".libs/"
| #define STDC_HEADERS 1
| #define TIME_WITH_SYS_TIME 1
| #define HAVE_PREAD 1
| #define HAVE_PWRITE 1
| #define HAVE_STRLCPY 1
| #define HAVE_DAEMON 1
| #define HAVE_DIRNAME 1
| #define HAVE_BASENAME 1
| #define HAVE_STRCASECMP 1
| #define HAVE_LOCALTIME_R 1
| #define HAVE_MEMMEM 1
| #define HAVE_STRTOLD 1
| #define HAVE_SYSLOG 1
| #define HAVE_VALLOC 1
| #define HAVE_GETPAGESIZE 1
| /* end confdefs.h.  */
| #include <pthread.h>
| int
| main ()
| {
| pthread_t th; pthread_join(th, 0);
|                      pthread_attr_init(0); pthread_cleanup_push(0, 0);
|                      pthread_create(0,0,0,0); pthread_cleanup_pop(0);
|   ;
|   return 0;
| }
configure:17258: result: no
configure:17135: checking whether pthreads work with -kthread
configure:17228: arm-linux-gcc -o conftest -pipe -Os -march=armv4  -g -O3  -std=gnu99 -ggdb3 -Wall -W -Wpointer-arith -Wformat-security -Wcast-align -Wundef -Wcast-align -Wstrict-prototypes -Wmissing-declarations -Wmissing-format-attribute -Wredundant-decls -Wnested-externs -Wunused-parameter -Wwrite-strings -Wextra -Wdeclaration-after-statement -Winit-self -kthread  -DNDEBUG  conftest.c   >&5
arm-linux-gcc: unrecognized option `-kthread'
conftest.c:40: warning: function declaration isn't a prototype
conftest.c: In function `main':
conftest.c:41: warning: 'th' might be used uninitialized in this function
/tmp/cclsQqqZ.o: In function `main':
/opt/snakeos-sdk/apps/transmission/conftest.c:41: undefined reference to `pthread_join'
/opt/snakeos-sdk/apps/transmission/conftest.c:42: undefined reference to `_pthread_cleanup_push'
/opt/snakeos-sdk/apps/transmission/conftest.c:43: undefined reference to `pthread_create'
/opt/snakeos-sdk/apps/transmission/conftest.c:43: undefined reference to `_pthread_cleanup_pop'
collect2: ld returned 1 exit status
configure:17235: $? = 1
configure: failed program was:
| /* confdefs.h.  */
| #define PACKAGE_NAME "transmission"
| #define PACKAGE_TARNAME "transmission"
| #define PACKAGE_VERSION "1.92"
| #define PACKAGE_STRING "transmission 1.92"
| #define PACKAGE_BUGREPORT "http://trac.transmissionbt.com/newticket"
| #define PACKAGE "transmission"
| #define VERSION "1.92"
| #define STDC_HEADERS 1
| #define HAVE_SYS_TYPES_H 1
| #define HAVE_SYS_STAT_H 1
| #define HAVE_STDLIB_H 1
| #define HAVE_STRING_H 1
| #define HAVE_MEMORY_H 1
| #define HAVE_STRINGS_H 1
| #define HAVE_INTTYPES_H 1
| #define HAVE_STDINT_H 1
| #define HAVE_UNISTD_H 1
| #define HAVE_DLFCN_H 1
| #define LT_OBJDIR ".libs/"
| #define STDC_HEADERS 1
| #define TIME_WITH_SYS_TIME 1
| #define HAVE_PREAD 1
| #define HAVE_PWRITE 1
| #define HAVE_STRLCPY 1
| #define HAVE_DAEMON 1
| #define HAVE_DIRNAME 1
| #define HAVE_BASENAME 1
| #define HAVE_STRCASECMP 1
| #define HAVE_LOCALTIME_R 1
| #define HAVE_MEMMEM 1
| #define HAVE_STRTOLD 1
| #define HAVE_SYSLOG 1
| #define HAVE_VALLOC 1
| #define HAVE_GETPAGESIZE 1
| /* end confdefs.h.  */
| #include <pthread.h>
| int
| main ()
| {
| pthread_t th; pthread_join(th, 0);
|                      pthread_attr_init(0); pthread_cleanup_push(0, 0);
|                      pthread_create(0,0,0,0); pthread_cleanup_pop(0);
|   ;
|   return 0;
| }
configure:17258: result: no
configure:17185: checking for the pthreads library -llthread
configure:17228: arm-linux-gcc -o conftest -pipe -Os -march=armv4  -g -O3  -std=gnu99 -ggdb3 -Wall -W -Wpointer-arith -Wformat-security -Wcast-align -Wundef -Wcast-align -Wstrict-prototypes -Wmissing-declarations -Wmissing-format-attribute -Wredundant-decls -Wnested-externs -Wunused-parameter -Wwrite-strings -Wextra -Wdeclaration-after-statement -Winit-self   -DNDEBUG  conftest.c -llthread  >&5
conftest.c:40: warning: function declaration isn't a prototype
conftest.c: In function `main':
conftest.c:41: warning: 'th' might be used uninitialized in this function
/opt/snakeos-sdk/tools/arm-uclibc-3.4.6/bin/../lib/gcc/arm-linux-uclibc/3.4.6/../../../../arm-linux-uclibc/bin/ld: cannot find -llthread
collect2: ld returned 1 exit status
configure:17235: $? = 1
configure: failed program was:
| /* confdefs.h.  */
| #define PACKAGE_NAME "transmission"
| #define PACKAGE_TARNAME "transmission"
| #define PACKAGE_VERSION "1.92"
| #define PACKAGE_STRING "transmission 1.92"
| #define PACKAGE_BUGREPORT "http://trac.transmissionbt.com/newticket"
| #define PACKAGE "transmission"
| #define VERSION "1.92"
| #define STDC_HEADERS 1
| #define HAVE_SYS_TYPES_H 1
| #define HAVE_SYS_STAT_H 1
| #define HAVE_STDLIB_H 1
| #define HAVE_STRING_H 1
| #define HAVE_MEMORY_H 1
| #define HAVE_STRINGS_H 1
| #define HAVE_INTTYPES_H 1
| #define HAVE_STDINT_H 1
| #define HAVE_UNISTD_H 1
| #define HAVE_DLFCN_H 1
| #define LT_OBJDIR ".libs/"
| #define STDC_HEADERS 1
| #define TIME_WITH_SYS_TIME 1
| #define HAVE_PREAD 1
| #define HAVE_PWRITE 1
| #define HAVE_STRLCPY 1
| #define HAVE_DAEMON 1
| #define HAVE_DIRNAME 1
| #define HAVE_BASENAME 1
| #define HAVE_STRCASECMP 1
| #define HAVE_LOCALTIME_R 1
| #define HAVE_MEMMEM 1
| #define HAVE_STRTOLD 1
| #define HAVE_SYSLOG 1
| #define HAVE_VALLOC 1
| #define HAVE_GETPAGESIZE 1
| /* end confdefs.h.  */
| #include <pthread.h>
| int
| main ()
| {
| pthread_t th; pthread_join(th, 0);
|                      pthread_attr_init(0); pthread_cleanup_push(0, 0);
|                      pthread_create(0,0,0,0); pthread_cleanup_pop(0);
|   ;
|   return 0;
| }
configure:17258: result: no
configure:17135: checking whether pthreads work with -pthread
configure:17228: arm-linux-gcc -o conftest -pipe -Os -march=armv4  -g -O3  -std=gnu99 -ggdb3 -Wall -W -Wpointer-arith -Wformat-security -Wcast-align -Wundef -Wcast-align -Wstrict-prototypes -Wmissing-declarations -Wmissing-format-attribute -Wredundant-decls -Wnested-externs -Wunused-parameter -Wwrite-strings -Wextra -Wdeclaration-after-statement -Winit-self -pthread  -DNDEBUG  conftest.c   >&5
conftest.c:40: warning: function declaration isn't a prototype
conftest.c: In function `main':
conftest.c:41: warning: 'th' might be used uninitialized in this function
configure:17235: $? = 0
configure:17258: result: yes
configure:17277: checking for joinable pthread attribute
configure:17302: arm-linux-gcc -o conftest -pipe -Os -march=armv4  -g -O3  -std=gnu99 -ggdb3 -Wall -W -Wpointer-arith -Wformat-security -Wcast-align -Wundef -Wcast-align -Wstrict-prototypes -Wmissing-declarations -Wmissing-format-attribute -Wredundant-decls -Wnested-externs -Wunused-parameter -Wwrite-strings -Wextra -Wdeclaration-after-statement -Winit-self -pthread  -DNDEBUG  conftest.c   >&5
conftest.c:40: warning: function declaration isn't a prototype
configure:17309: $? = 0
configure:17329: result: PTHREAD_CREATE_JOINABLE
configure:17339: checking if more special flags are required for pthreads
configure:17346: result: no
configure:17435: checking for library containing cos
configure:17476: arm-linux-gcc -o conftest -pipe -Os -march=armv4  -g -O3  -std=gnu99 -ggdb3 -Wall -W -Wpointer-arith -Wformat-security -Wcast-align -Wundef -Wcast-align -Wstrict-prototypes -Wmissing-declarations -Wmissing-format-attribute -Wredundant-decls -Wnested-externs -Wunused-parameter -Wwrite-strings -Wextra -Wdeclaration-after-statement -Winit-self  -DNDEBUG  conftest.c  >&5
conftest.c:45: warning: function declaration isn't a prototype
conftest.c:45: warning: conflicting types for built-in function 'cos'
conftest.c:48: warning: function declaration isn't a prototype
/tmp/cc01qmue.o: In function `main':
/opt/snakeos-sdk/apps/transmission/conftest.c:49: undefined reference to `cos'
collect2: ld returned 1 exit status
configure:17483: $? = 1
configure: failed program was:
| /* confdefs.h.  */
| #define PACKAGE_NAME "transmission"
| #define PACKAGE_TARNAME "transmission"
| #define PACKAGE_VERSION "1.92"
| #define PACKAGE_STRING "transmission 1.92"
| #define PACKAGE_BUGREPORT "http://trac.transmissionbt.com/newticket"
| #define PACKAGE "transmission"
| #define VERSION "1.92"
| #define STDC_HEADERS 1
| #define HAVE_SYS_TYPES_H 1
| #define HAVE_SYS_STAT_H 1
| #define HAVE_STDLIB_H 1
| #define HAVE_STRING_H 1
| #define HAVE_MEMORY_H 1
| #define HAVE_STRINGS_H 1
| #define HAVE_INTTYPES_H 1
| #define HAVE_STDINT_H 1
| #define HAVE_UNISTD_H 1
| #define HAVE_DLFCN_H 1
| #define LT_OBJDIR ".libs/"
| #define STDC_HEADERS 1
| #define TIME_WITH_SYS_TIME 1
| #define HAVE_PREAD 1
| #define HAVE_PWRITE 1
| #define HAVE_STRLCPY 1
| #define HAVE_DAEMON 1
| #define HAVE_DIRNAME 1
| #define HAVE_BASENAME 1
| #define HAVE_STRCASECMP 1
| #define HAVE_LOCALTIME_R 1
| #define HAVE_MEMMEM 1
| #define HAVE_STRTOLD 1
| #define HAVE_SYSLOG 1
| #define HAVE_VALLOC 1
| #define HAVE_GETPAGESIZE 1
| #define HAVE_PTHREAD 1
| /* end confdefs.h.  */
| 
| /* Override any GCC internal prototype to avoid an error.
|    Use char because int might match the return type of a GCC
|    builtin and then its argument prototype would still apply.  */
| #ifdef __cplusplus
| extern "C"
| #endif
| char cos ();
| int
| main ()
| {
| return cos ();
|   ;
|   return 0;
| }
configure:17476: arm-linux-gcc -o conftest -pipe -Os -march=armv4  -g -O3  -std=gnu99 -ggdb3 -Wall -W -Wpointer-arith -Wformat-security -Wcast-align -Wundef -Wcast-align -Wstrict-prototypes -Wmissing-declarations -Wmissing-format-attribute -Wredundant-decls -Wnested-externs -Wunused-parameter -Wwrite-strings -Wextra -Wdeclaration-after-statement -Winit-self  -DNDEBUG  conftest.c -lm   >&5
conftest.c:45: warning: function declaration isn't a prototype
conftest.c:45: warning: conflicting types for built-in function 'cos'
conftest.c:48: warning: function declaration isn't a prototype
configure:17483: $? = 0
configure:17514: result: -lm
configure:17522: checking for library containing socket
configure:17563: arm-linux-gcc -o conftest -pipe -Os -march=armv4  -g -O3  -std=gnu99 -ggdb3 -Wall -W -Wpointer-arith -Wformat-security -Wcast-align -Wundef -Wcast-align -Wstrict-prototypes -Wmissing-declarations -Wmissing-format-attribute -Wredundant-decls -Wnested-externs -Wunused-parameter -Wwrite-strings -Wextra -Wdeclaration-after-statement -Winit-self  -DNDEBUG  conftest.c -lm  >&5
conftest.c:45: warning: function declaration isn't a prototype
conftest.c:48: warning: function declaration isn't a prototype
configure:17570: $? = 0
configure:17601: result: none required
configure:17609: checking for library containing gethostbyname
configure:17650: arm-linux-gcc -o conftest -pipe -Os -march=armv4  -g -O3  -std=gnu99 -ggdb3 -Wall -W -Wpointer-arith -Wformat-security -Wcast-align -Wundef -Wcast-align -Wstrict-prototypes -Wmissing-declarations -Wmissing-format-attribute -Wredundant-decls -Wnested-externs -Wunused-parameter -Wwrite-strings -Wextra -Wdeclaration-after-statement -Winit-self  -DNDEBUG  conftest.c -lm  >&5
conftest.c:45: warning: function declaration isn't a prototype
conftest.c:48: warning: function declaration isn't a prototype
configure:17657: $? = 0
configure:17688: result: none required
configure:17702: checking for i686-linux-gnu-pkg-config
configure:17735: result: no
configure:17745: checking for pkg-config
configure:17763: found /usr/bin/pkg-config
configure:17775: result: /usr/bin/pkg-config
configure:17800: checking pkg-config is at least version 0.9.0
configure:17803: result: yes
configure:17814: checking for OPENSSL
configure:17931: result: yes
configure:17937: checking for LIBCURL
configure:18044: result: yes
configure:18086: checking for /tmp/dummy1_zlib.h
configure:18107: arm-linux-gcc -c -pipe -Os -march=armv4  -g -O3  -std=gnu99 -ggdb3 -Wall -W -Wpointer-arith -Wformat-security -Wcast-align -Wundef -Wcast-align -Wstrict-prototypes -Wmissing-declarations -Wmissing-format-attribute -Wredundant-decls -Wnested-externs -Wunused-parameter -Wwrite-strings -Wextra -Wdeclaration-after-statement -Winit-self   -DNDEBUG conftest.c >&5
configure:18114: $? = 0
configure:18131: result: yes
configure:18148: checking for library containing gzopen
configure:18189: arm-linux-gcc -o conftest -pipe -Os -march=armv4  -g -O3  -std=gnu99 -ggdb3 -Wall -W -Wpointer-arith -Wformat-security -Wcast-align -Wundef -Wcast-align -Wstrict-prototypes -Wmissing-declarations -Wmissing-format-attribute -Wredundant-decls -Wnested-externs -Wunused-parameter -Wwrite-strings -Wextra -Wdeclaration-after-statement -Winit-self   -DNDEBUG   conftest.c -lm  >&5
conftest.c:46: warning: function declaration isn't a prototype
conftest.c:49: warning: function declaration isn't a prototype
/tmp/ccAaHxPr.o: In function `main':
/opt/snakeos-sdk/apps/transmission/conftest.c:50: undefined reference to `gzopen'
collect2: ld returned 1 exit status
configure:18196: $? = 1
configure: failed program was:
| /* confdefs.h.  */
| #define PACKAGE_NAME "transmission"
| #define PACKAGE_TARNAME "transmission"
| #define PACKAGE_VERSION "1.92"
| #define PACKAGE_STRING "transmission 1.92"
| #define PACKAGE_BUGREPORT "http://trac.transmissionbt.com/newticket"
| #define PACKAGE "transmission"
| #define VERSION "1.92"
| #define STDC_HEADERS 1
| #define HAVE_SYS_TYPES_H 1
| #define HAVE_SYS_STAT_H 1
| #define HAVE_STDLIB_H 1
| #define HAVE_STRING_H 1
| #define HAVE_MEMORY_H 1
| #define HAVE_STRINGS_H 1
| #define HAVE_INTTYPES_H 1
| #define HAVE_STDINT_H 1
| #define HAVE_UNISTD_H 1
| #define HAVE_DLFCN_H 1
| #define LT_OBJDIR ".libs/"
| #define STDC_HEADERS 1
| #define TIME_WITH_SYS_TIME 1
| #define HAVE_PREAD 1
| #define HAVE_PWRITE 1
| #define HAVE_STRLCPY 1
| #define HAVE_DAEMON 1
| #define HAVE_DIRNAME 1
| #define HAVE_BASENAME 1
| #define HAVE_STRCASECMP 1
| #define HAVE_LOCALTIME_R 1
| #define HAVE_MEMMEM 1
| #define HAVE_STRTOLD 1
| #define HAVE_SYSLOG 1
| #define HAVE_VALLOC 1
| #define HAVE_GETPAGESIZE 1
| #define HAVE_PTHREAD 1
| #define HAVE__TMP_DUMMY1_ZLIB_H 1
| /* end confdefs.h.  */
| 
| /* Override any GCC internal prototype to avoid an error.
|    Use char because int might match the return type of a GCC
|    builtin and then its argument prototype would still apply.  */
| #ifdef __cplusplus
| extern "C"
| #endif
| char gzopen ();
| int
| main ()
| {
| return gzopen ();
|   ;
|   return 0;
| }
configure:18189: arm-linux-gcc -o conftest -pipe -Os -march=armv4  -g -O3  -std=gnu99 -ggdb3 -Wall -W -Wpointer-arith -Wformat-security -Wcast-align -Wundef -Wcast-align -Wstrict-prototypes -Wmissing-declarations -Wmissing-format-attribute -Wredundant-decls -Wnested-externs -Wunused-parameter -Wwrite-strings -Wextra -Wdeclaration-after-statement -Winit-self   -DNDEBUG   conftest.c -lz  -lm  >&5
conftest.c:46: warning: function declaration isn't a prototype
conftest.c:49: warning: function declaration isn't a prototype
configure:18196: $? = 0
configure:18227: result: -lz
configure:18446: checking for special C compiler options needed for large files
configure:18541: result: no
configure:18547: checking for _FILE_OFFSET_BITS value needed for large files
configure:18582: arm-linux-gcc -c -pipe -Os -march=armv4  -g -O3  -std=gnu99 -ggdb3 -Wall -W -Wpointer-arith -Wformat-security -Wcast-align -Wundef -Wcast-align -Wstrict-prototypes -Wmissing-declarations -Wmissing-format-attribute -Wredundant-decls -Wnested-externs -Wunused-parameter -Wwrite-strings -Wextra -Wdeclaration-after-statement -Winit-self  -DNDEBUG conftest.c >&5
conftest.c:46: warning: left shift count >= width of type
conftest.c:46: warning: left shift count >= width of type
conftest.c:48: error: size of array `off_t_is_large' is negative
conftest.c:51: warning: function declaration isn't a prototype
configure:18589: $? = 1
configure: failed program was:
| /* confdefs.h.  */
| #define PACKAGE_NAME "transmission"
| #define PACKAGE_TARNAME "transmission"
| #define PACKAGE_VERSION "1.92"
| #define PACKAGE_STRING "transmission 1.92"
| #define PACKAGE_BUGREPORT "http://trac.transmissionbt.com/newticket"
| #define PACKAGE "transmission"
| #define VERSION "1.92"
| #define STDC_HEADERS 1
| #define HAVE_SYS_TYPES_H 1
| #define HAVE_SYS_STAT_H 1
| #define HAVE_STDLIB_H 1
| #define HAVE_STRING_H 1
| #define HAVE_MEMORY_H 1
| #define HAVE_STRINGS_H 1
| #define HAVE_INTTYPES_H 1
| #define HAVE_STDINT_H 1
| #define HAVE_UNISTD_H 1
| #define HAVE_DLFCN_H 1
| #define LT_OBJDIR ".libs/"
| #define STDC_HEADERS 1
| #define TIME_WITH_SYS_TIME 1
| #define HAVE_PREAD 1
| #define HAVE_PWRITE 1
| #define HAVE_STRLCPY 1
| #define HAVE_DAEMON 1
| #define HAVE_DIRNAME 1
| #define HAVE_BASENAME 1
| #define HAVE_STRCASECMP 1
| #define HAVE_LOCALTIME_R 1
| #define HAVE_MEMMEM 1
| #define HAVE_STRTOLD 1
| #define HAVE_SYSLOG 1
| #define HAVE_VALLOC 1
| #define HAVE_GETPAGESIZE 1
| #define HAVE_PTHREAD 1
| #define HAVE__TMP_DUMMY1_ZLIB_H 1
| #define HAVE_ZLIB 1
| /* end confdefs.h.  */
| #include <sys/types.h>
|  /* Check that off_t can represent 2**63 - 1 correctly.
|     We can't simply define LARGE_OFF_T to be 9223372036854775807,
|     since some C++ compilers masquerading as C compilers
|     incorrectly reject 9223372036854775807.  */
| #define LARGE_OFF_T (((off_t) 1 << 62) - 1 + ((off_t) 1 << 62))
|   int off_t_is_large[(LARGE_OFF_T % 2147483629 == 721
| 		       && LARGE_OFF_T % 2147483647 == 1)
| 		      ? 1 : -1];
| int
| main ()
| {
| 
|   ;
|   return 0;
| }
configure:18633: arm-linux-gcc -c -pipe -Os -march=armv4  -g -O3  -std=gnu99 -ggdb3 -Wall -W -Wpointer-arith -Wformat-security -Wcast-align -Wundef -Wcast-align -Wstrict-prototypes -Wmissing-declarations -Wmissing-format-attribute -Wredundant-decls -Wnested-externs -Wunused-parameter -Wwrite-strings -Wextra -Wdeclaration-after-statement -Winit-self  -DNDEBUG conftest.c >&5
conftest.c:52: warning: function declaration isn't a prototype
configure:18640: $? = 0
configure:18658: result: 64
configure:18799: checking for lseek64
configure:18855: arm-linux-gcc -o conftest -pipe -Os -march=armv4  -g -O3  -std=gnu99 -ggdb3 -Wall -W -Wpointer-arith -Wformat-security -Wcast-align -Wundef -Wcast-align -Wstrict-prototypes -Wmissing-declarations -Wmissing-format-attribute -Wredundant-decls -Wnested-externs -Wunused-parameter -Wwrite-strings -Wextra -Wdeclaration-after-statement -Winit-self  -DNDEBUG  conftest.c -lm  >&5
conftest.c:64: warning: function declaration isn't a prototype
conftest.c:74: warning: function declaration isn't a prototype
configure:18862: $? = 0
configure:18884: result: yes
configure:18899: checking whether posix_fadvise is declared
configure:18931: arm-linux-gcc -c -pipe -Os -march=armv4  -g -O3  -std=gnu99 -ggdb3 -Wall -W -Wpointer-arith -Wformat-security -Wcast-align -Wundef -Wcast-align -Wstrict-prototypes -Wmissing-declarations -Wmissing-format-attribute -Wredundant-decls -Wnested-externs -Wunused-parameter -Wwrite-strings -Wextra -Wdeclaration-after-statement -Winit-self  -DNDEBUG conftest.c >&5
conftest.c:48: warning: function declaration isn't a prototype
conftest.c: In function `main':
conftest.c:50: error: `posix_fadvise' undeclared (first use in this function)
conftest.c:50: error: (Each undeclared identifier is reported only once
conftest.c:50: error: for each function it appears in.)
configure:18938: $? = 1
configure: failed program was:
| /* confdefs.h.  */
| #define PACKAGE_NAME "transmission"
| #define PACKAGE_TARNAME "transmission"
| #define PACKAGE_VERSION "1.92"
| #define PACKAGE_STRING "transmission 1.92"
| #define PACKAGE_BUGREPORT "http://trac.transmissionbt.com/newticket"
| #define PACKAGE "transmission"
| #define VERSION "1.92"
| #define STDC_HEADERS 1
| #define HAVE_SYS_TYPES_H 1
| #define HAVE_SYS_STAT_H 1
| #define HAVE_STDLIB_H 1
| #define HAVE_STRING_H 1
| #define HAVE_MEMORY_H 1
| #define HAVE_STRINGS_H 1
| #define HAVE_INTTYPES_H 1
| #define HAVE_STDINT_H 1
| #define HAVE_UNISTD_H 1
| #define HAVE_DLFCN_H 1
| #define LT_OBJDIR ".libs/"
| #define STDC_HEADERS 1
| #define TIME_WITH_SYS_TIME 1
| #define HAVE_PREAD 1
| #define HAVE_PWRITE 1
| #define HAVE_STRLCPY 1
| #define HAVE_DAEMON 1
| #define HAVE_DIRNAME 1
| #define HAVE_BASENAME 1
| #define HAVE_STRCASECMP 1
| #define HAVE_LOCALTIME_R 1
| #define HAVE_MEMMEM 1
| #define HAVE_STRTOLD 1
| #define HAVE_SYSLOG 1
| #define HAVE_VALLOC 1
| #define HAVE_GETPAGESIZE 1
| #define HAVE_PTHREAD 1
| #define HAVE__TMP_DUMMY1_ZLIB_H 1
| #define HAVE_ZLIB 1
| #define _FILE_OFFSET_BITS 64
| #define HAVE_LSEEK64 1
| /* end confdefs.h.  */
| 
| #define _XOPEN_SOURCE 600
| #include <fcntl.h>
| 
| int
| main ()
| {
| #ifndef posix_fadvise
|   (void) posix_fadvise;
| #endif
| 
|   ;
|   return 0;
| }
configure:18953: result: no
configure:18975: checking for posix_fadvise
configure:19031: arm-linux-gcc -o conftest -pipe -Os -march=armv4  -g -O3  -std=gnu99 -ggdb3 -Wall -W -Wpointer-arith -Wformat-security -Wcast-align -Wundef -Wcast-align -Wstrict-prototypes -Wmissing-declarations -Wmissing-format-attribute -Wredundant-decls -Wnested-externs -Wunused-parameter -Wwrite-strings -Wextra -Wdeclaration-after-statement -Winit-self  -DNDEBUG  conftest.c -lm  >&5
conftest.c:66: warning: function declaration isn't a prototype
conftest.c:76: warning: function declaration isn't a prototype
configure:19038: $? = 0
configure:19060: result: yes
configure:19085: checking sys/inotify.h usability
configure:19102: arm-linux-gcc -c -pipe -Os -march=armv4  -g -O3  -std=gnu99 -ggdb3 -Wall -W -Wpointer-arith -Wformat-security -Wcast-align -Wundef -Wcast-align -Wstrict-prototypes -Wmissing-declarations -Wmissing-format-attribute -Wredundant-decls -Wnested-externs -Wunused-parameter -Wwrite-strings -Wextra -Wdeclaration-after-statement -Winit-self  -DNDEBUG conftest.c >&5
conftest.c:77:25: sys/inotify.h: No such file or directory
configure:19109: $? = 1
configure: failed program was:
| /* confdefs.h.  */
| #define PACKAGE_NAME "transmission"
| #define PACKAGE_TARNAME "transmission"
| #define PACKAGE_VERSION "1.92"
| #define PACKAGE_STRING "transmission 1.92"
| #define PACKAGE_BUGREPORT "http://trac.transmissionbt.com/newticket"
| #define PACKAGE "transmission"
| #define VERSION "1.92"
| #define STDC_HEADERS 1
| #define HAVE_SYS_TYPES_H 1
| #define HAVE_SYS_STAT_H 1
| #define HAVE_STDLIB_H 1
| #define HAVE_STRING_H 1
| #define HAVE_MEMORY_H 1
| #define HAVE_STRINGS_H 1
| #define HAVE_INTTYPES_H 1
| #define HAVE_STDINT_H 1
| #define HAVE_UNISTD_H 1
| #define HAVE_DLFCN_H 1
| #define LT_OBJDIR ".libs/"
| #define STDC_HEADERS 1
| #define TIME_WITH_SYS_TIME 1
| #define HAVE_PREAD 1
| #define HAVE_PWRITE 1
| #define HAVE_STRLCPY 1
| #define HAVE_DAEMON 1
| #define HAVE_DIRNAME 1
| #define HAVE_BASENAME 1
| #define HAVE_STRCASECMP 1
| #define HAVE_LOCALTIME_R 1
| #define HAVE_MEMMEM 1
| #define HAVE_STRTOLD 1
| #define HAVE_SYSLOG 1
| #define HAVE_VALLOC 1
| #define HAVE_GETPAGESIZE 1
| #define HAVE_PTHREAD 1
| #define HAVE__TMP_DUMMY1_ZLIB_H 1
| #define HAVE_ZLIB 1
| #define _FILE_OFFSET_BITS 64
| #define HAVE_LSEEK64 1
| #define HAVE_DECL_POSIX_FADVISE 0
| #define HAVE_POSIX_FADVISE 1
| /* end confdefs.h.  */
| #include <stdio.h>
| #ifdef HAVE_SYS_TYPES_H
| # include <sys/types.h>
| #endif
| #ifdef HAVE_SYS_STAT_H
| # include <sys/stat.h>
| #endif
| #ifdef STDC_HEADERS
| # include <stdlib.h>
| # include <stddef.h>
| #else
| # ifdef HAVE_STDLIB_H
| #  include <stdlib.h>
| # endif
| #endif
| #ifdef HAVE_STRING_H
| # if !defined STDC_HEADERS && defined HAVE_MEMORY_H
| #  include <memory.h>
| # endif
| # include <string.h>
| #endif
| #ifdef HAVE_STRINGS_H
| # include <strings.h>
| #endif
| #ifdef HAVE_INTTYPES_H
| # include <inttypes.h>
| #endif
| #ifdef HAVE_STDINT_H
| # include <stdint.h>
| #endif
| #ifdef HAVE_UNISTD_H
| # include <unistd.h>
| #endif
| #include <sys/inotify.h>
configure:19123: result: no
configure:19127: checking sys/inotify.h presence
configure:19142: arm-linux-gcc -E  -DNDEBUG conftest.c
conftest.c:44:25: sys/inotify.h: No such file or directory
configure:19149: $? = 1
configure: failed program was:
| /* confdefs.h.  */
| #define PACKAGE_NAME "transmission"
| #define PACKAGE_TARNAME "transmission"
| #define PACKAGE_VERSION "1.92"
| #define PACKAGE_STRING "transmission 1.92"
| #define PACKAGE_BUGREPORT "http://trac.transmissionbt.com/newticket"
| #define PACKAGE "transmission"
| #define VERSION "1.92"
| #define STDC_HEADERS 1
| #define HAVE_SYS_TYPES_H 1
| #define HAVE_SYS_STAT_H 1
| #define HAVE_STDLIB_H 1
| #define HAVE_STRING_H 1
| #define HAVE_MEMORY_H 1
| #define HAVE_STRINGS_H 1
| #define HAVE_INTTYPES_H 1
| #define HAVE_STDINT_H 1
| #define HAVE_UNISTD_H 1
| #define HAVE_DLFCN_H 1
| #define LT_OBJDIR ".libs/"
| #define STDC_HEADERS 1
| #define TIME_WITH_SYS_TIME 1
| #define HAVE_PREAD 1
| #define HAVE_PWRITE 1
| #define HAVE_STRLCPY 1
| #define HAVE_DAEMON 1
| #define HAVE_DIRNAME 1
| #define HAVE_BASENAME 1
| #define HAVE_STRCASECMP 1
| #define HAVE_LOCALTIME_R 1
| #define HAVE_MEMMEM 1
| #define HAVE_STRTOLD 1
| #define HAVE_SYSLOG 1
| #define HAVE_VALLOC 1
| #define HAVE_GETPAGESIZE 1
| #define HAVE_PTHREAD 1
| #define HAVE__TMP_DUMMY1_ZLIB_H 1
| #define HAVE_ZLIB 1
| #define _FILE_OFFSET_BITS 64
| #define HAVE_LSEEK64 1
| #define HAVE_DECL_POSIX_FADVISE 0
| #define HAVE_POSIX_FADVISE 1
| /* end confdefs.h.  */
| #include <sys/inotify.h>
configure:19163: result: no
configure:19196: checking for sys/inotify.h
configure:19203: result: no
configure:19335: checking sys/event.h usability
configure:19352: arm-linux-gcc -c -pipe -Os -march=armv4  -g -O3  -std=gnu99 -ggdb3 -Wall -W -Wpointer-arith -Wformat-security -Wcast-align -Wundef -Wcast-align -Wstrict-prototypes -Wmissing-declarations -Wmissing-format-attribute -Wredundant-decls -Wnested-externs -Wunused-parameter -Wwrite-strings -Wextra -Wdeclaration-after-statement -Winit-self  -DNDEBUG conftest.c >&5
conftest.c:77:23: sys/event.h: No such file or directory
configure:19359: $? = 1
configure: failed program was:
| /* confdefs.h.  */
| #define PACKAGE_NAME "transmission"
| #define PACKAGE_TARNAME "transmission"
| #define PACKAGE_VERSION "1.92"
| #define PACKAGE_STRING "transmission 1.92"
| #define PACKAGE_BUGREPORT "http://trac.transmissionbt.com/newticket"
| #define PACKAGE "transmission"
| #define VERSION "1.92"
| #define STDC_HEADERS 1
| #define HAVE_SYS_TYPES_H 1
| #define HAVE_SYS_STAT_H 1
| #define HAVE_STDLIB_H 1
| #define HAVE_STRING_H 1
| #define HAVE_MEMORY_H 1
| #define HAVE_STRINGS_H 1
| #define HAVE_INTTYPES_H 1
| #define HAVE_STDINT_H 1
| #define HAVE_UNISTD_H 1
| #define HAVE_DLFCN_H 1
| #define LT_OBJDIR ".libs/"
| #define STDC_HEADERS 1
| #define TIME_WITH_SYS_TIME 1
| #define HAVE_PREAD 1
| #define HAVE_PWRITE 1
| #define HAVE_STRLCPY 1
| #define HAVE_DAEMON 1
| #define HAVE_DIRNAME 1
| #define HAVE_BASENAME 1
| #define HAVE_STRCASECMP 1
| #define HAVE_LOCALTIME_R 1
| #define HAVE_MEMMEM 1
| #define HAVE_STRTOLD 1
| #define HAVE_SYSLOG 1
| #define HAVE_VALLOC 1
| #define HAVE_GETPAGESIZE 1
| #define HAVE_PTHREAD 1
| #define HAVE__TMP_DUMMY1_ZLIB_H 1
| #define HAVE_ZLIB 1
| #define _FILE_OFFSET_BITS 64
| #define HAVE_LSEEK64 1
| #define HAVE_DECL_POSIX_FADVISE 0
| #define HAVE_POSIX_FADVISE 1
| /* end confdefs.h.  */
| #include <stdio.h>
| #ifdef HAVE_SYS_TYPES_H
| # include <sys/types.h>
| #endif
| #ifdef HAVE_SYS_STAT_H
| # include <sys/stat.h>
| #endif
| #ifdef STDC_HEADERS
| # include <stdlib.h>
| # include <stddef.h>
| #else
| # ifdef HAVE_STDLIB_H
| #  include <stdlib.h>
| # endif
| #endif
| #ifdef HAVE_STRING_H
| # if !defined STDC_HEADERS && defined HAVE_MEMORY_H
| #  include <memory.h>
| # endif
| # include <string.h>
| #endif
| #ifdef HAVE_STRINGS_H
| # include <strings.h>
| #endif
| #ifdef HAVE_INTTYPES_H
| # include <inttypes.h>
| #endif
| #ifdef HAVE_STDINT_H
| # include <stdint.h>
| #endif
| #ifdef HAVE_UNISTD_H
| # include <unistd.h>
| #endif
| #include <sys/event.h>
configure:19373: result: no
configure:19377: checking sys/event.h presence
configure:19392: arm-linux-gcc -E  -DNDEBUG conftest.c
conftest.c:44:23: sys/event.h: No such file or directory
configure:19399: $? = 1
configure: failed program was:
| /* confdefs.h.  */
| #define PACKAGE_NAME "transmission"
| #define PACKAGE_TARNAME "transmission"
| #define PACKAGE_VERSION "1.92"
| #define PACKAGE_STRING "transmission 1.92"
| #define PACKAGE_BUGREPORT "http://trac.transmissionbt.com/newticket"
| #define PACKAGE "transmission"
| #define VERSION "1.92"
| #define STDC_HEADERS 1
| #define HAVE_SYS_TYPES_H 1
| #define HAVE_SYS_STAT_H 1
| #define HAVE_STDLIB_H 1
| #define HAVE_STRING_H 1
| #define HAVE_MEMORY_H 1
| #define HAVE_STRINGS_H 1
| #define HAVE_INTTYPES_H 1
| #define HAVE_STDINT_H 1
| #define HAVE_UNISTD_H 1
| #define HAVE_DLFCN_H 1
| #define LT_OBJDIR ".libs/"
| #define STDC_HEADERS 1
| #define TIME_WITH_SYS_TIME 1
| #define HAVE_PREAD 1
| #define HAVE_PWRITE 1
| #define HAVE_STRLCPY 1
| #define HAVE_DAEMON 1
| #define HAVE_DIRNAME 1
| #define HAVE_BASENAME 1
| #define HAVE_STRCASECMP 1
| #define HAVE_LOCALTIME_R 1
| #define HAVE_MEMMEM 1
| #define HAVE_STRTOLD 1
| #define HAVE_SYSLOG 1
| #define HAVE_VALLOC 1
| #define HAVE_GETPAGESIZE 1
| #define HAVE_PTHREAD 1
| #define HAVE__TMP_DUMMY1_ZLIB_H 1
| #define HAVE_ZLIB 1
| #define _FILE_OFFSET_BITS 64
| #define HAVE_LSEEK64 1
| #define HAVE_DECL_POSIX_FADVISE 0
| #define HAVE_POSIX_FADVISE 1
| /* end confdefs.h.  */
| #include <sys/event.h>
configure:19413: result: no
configure:19446: checking for sys/event.h
configure:19453: result: no
configure:19591: checking xfs/xfs.h usability
configure:19608: arm-linux-gcc -c -pipe -Os -march=armv4  -g -O3  -std=gnu99 -ggdb3 -Wall -W -Wpointer-arith -Wformat-security -Wcast-align -Wundef -Wcast-align -Wstrict-prototypes -Wmissing-declarations -Wmissing-format-attribute -Wredundant-decls -Wnested-externs -Wunused-parameter -Wwrite-strings -Wextra -Wdeclaration-after-statement -Winit-self  -DNDEBUG conftest.c >&5
conftest.c:77:21: xfs/xfs.h: No such file or directory
configure:19615: $? = 1
configure: failed program was:
| /* confdefs.h.  */
| #define PACKAGE_NAME "transmission"
| #define PACKAGE_TARNAME "transmission"
| #define PACKAGE_VERSION "1.92"
| #define PACKAGE_STRING "transmission 1.92"
| #define PACKAGE_BUGREPORT "http://trac.transmissionbt.com/newticket"
| #define PACKAGE "transmission"
| #define VERSION "1.92"
| #define STDC_HEADERS 1
| #define HAVE_SYS_TYPES_H 1
| #define HAVE_SYS_STAT_H 1
| #define HAVE_STDLIB_H 1
| #define HAVE_STRING_H 1
| #define HAVE_MEMORY_H 1
| #define HAVE_STRINGS_H 1
| #define HAVE_INTTYPES_H 1
| #define HAVE_STDINT_H 1
| #define HAVE_UNISTD_H 1
| #define HAVE_DLFCN_H 1
| #define LT_OBJDIR ".libs/"
| #define STDC_HEADERS 1
| #define TIME_WITH_SYS_TIME 1
| #define HAVE_PREAD 1
| #define HAVE_PWRITE 1
| #define HAVE_STRLCPY 1
| #define HAVE_DAEMON 1
| #define HAVE_DIRNAME 1
| #define HAVE_BASENAME 1
| #define HAVE_STRCASECMP 1
| #define HAVE_LOCALTIME_R 1
| #define HAVE_MEMMEM 1
| #define HAVE_STRTOLD 1
| #define HAVE_SYSLOG 1
| #define HAVE_VALLOC 1
| #define HAVE_GETPAGESIZE 1
| #define HAVE_PTHREAD 1
| #define HAVE__TMP_DUMMY1_ZLIB_H 1
| #define HAVE_ZLIB 1
| #define _FILE_OFFSET_BITS 64
| #define HAVE_LSEEK64 1
| #define HAVE_DECL_POSIX_FADVISE 0
| #define HAVE_POSIX_FADVISE 1
| /* end confdefs.h.  */
| #include <stdio.h>
| #ifdef HAVE_SYS_TYPES_H
| # include <sys/types.h>
| #endif
| #ifdef HAVE_SYS_STAT_H
| # include <sys/stat.h>
| #endif
| #ifdef STDC_HEADERS
| # include <stdlib.h>
| # include <stddef.h>
| #else
| # ifdef HAVE_STDLIB_H
| #  include <stdlib.h>
| # endif
| #endif
| #ifdef HAVE_STRING_H
| # if !defined STDC_HEADERS && defined HAVE_MEMORY_H
| #  include <memory.h>
| # endif
| # include <string.h>
| #endif
| #ifdef HAVE_STRINGS_H
| # include <strings.h>
| #endif
| #ifdef HAVE_INTTYPES_H
| # include <inttypes.h>
| #endif
| #ifdef HAVE_STDINT_H
| # include <stdint.h>
| #endif
| #ifdef HAVE_UNISTD_H
| # include <unistd.h>
| #endif
| #include <xfs/xfs.h>
configure:19629: result: no
configure:19633: checking xfs/xfs.h presence
configure:19648: arm-linux-gcc -E  -DNDEBUG conftest.c
conftest.c:44:21: xfs/xfs.h: No such file or directory
configure:19655: $? = 1
configure: failed program was:
| /* confdefs.h.  */
| #define PACKAGE_NAME "transmission"
| #define PACKAGE_TARNAME "transmission"
| #define PACKAGE_VERSION "1.92"
| #define PACKAGE_STRING "transmission 1.92"
| #define PACKAGE_BUGREPORT "http://trac.transmissionbt.com/newticket"
| #define PACKAGE "transmission"
| #define VERSION "1.92"
| #define STDC_HEADERS 1
| #define HAVE_SYS_TYPES_H 1
| #define HAVE_SYS_STAT_H 1
| #define HAVE_STDLIB_H 1
| #define HAVE_STRING_H 1
| #define HAVE_MEMORY_H 1
| #define HAVE_STRINGS_H 1
| #define HAVE_INTTYPES_H 1
| #define HAVE_STDINT_H 1
| #define HAVE_UNISTD_H 1
| #define HAVE_DLFCN_H 1
| #define LT_OBJDIR ".libs/"
| #define STDC_HEADERS 1
| #define TIME_WITH_SYS_TIME 1
| #define HAVE_PREAD 1
| #define HAVE_PWRITE 1
| #define HAVE_STRLCPY 1
| #define HAVE_DAEMON 1
| #define HAVE_DIRNAME 1
| #define HAVE_BASENAME 1
| #define HAVE_STRCASECMP 1
| #define HAVE_LOCALTIME_R 1
| #define HAVE_MEMMEM 1
| #define HAVE_STRTOLD 1
| #define HAVE_SYSLOG 1
| #define HAVE_VALLOC 1
| #define HAVE_GETPAGESIZE 1
| #define HAVE_PTHREAD 1
| #define HAVE__TMP_DUMMY1_ZLIB_H 1
| #define HAVE_ZLIB 1
| #define _FILE_OFFSET_BITS 64
| #define HAVE_LSEEK64 1
| #define HAVE_DECL_POSIX_FADVISE 0
| #define HAVE_POSIX_FADVISE 1
| /* end confdefs.h.  */
| #include <xfs/xfs.h>
configure:19669: result: no
configure:19702: checking for xfs/xfs.h
configure:19711: result: no
configure:19729: checking how to copy va_list
configure:19752: arm-linux-gcc -o conftest -pipe -Os -march=armv4  -g -O3  -std=gnu99 -ggdb3 -Wall -W -Wpointer-arith -Wformat-security -Wcast-align -Wundef -Wcast-align -Wstrict-prototypes -Wmissing-declarations -Wmissing-format-attribute -Wredundant-decls -Wnested-externs -Wunused-parameter -Wwrite-strings -Wextra -Wdeclaration-after-statement -Winit-self  -DNDEBUG  conftest.c -lm  >&5
conftest.c:47: warning: function declaration isn't a prototype
configure:19759: $? = 0
configure:19767: result: va_copy
configure:19841: checking for clock_gettime in -lrt
configure:19876: arm-linux-gcc -o conftest -pipe -Os -march=armv4  -g -O3  -std=gnu99 -ggdb3 -Wall -W -Wpointer-arith -Wformat-security -Wcast-align -Wundef -Wcast-align -Wstrict-prototypes -Wmissing-declarations -Wmissing-format-attribute -Wredundant-decls -Wnested-externs -Wunused-parameter -Wwrite-strings -Wextra -Wdeclaration-after-statement -Winit-self  -DNDEBUG  conftest.c -lrt  -lm  >&5
conftest.c:51: warning: function declaration isn't a prototype
conftest.c:54: warning: function declaration isn't a prototype
configure:19883: $? = 0
configure:19904: result: yes
configure:19918: checking for evutil_vsnprintf in -levent
configure:19953: arm-linux-gcc -o conftest -pipe -Os -march=armv4  -g -O3  -std=gnu99 -ggdb3 -Wall -W -Wpointer-arith -Wformat-security -Wcast-align -Wundef -Wcast-align -Wstrict-prototypes -Wmissing-declarations -Wmissing-format-attribute -Wredundant-decls -Wnested-externs -Wunused-parameter -Wwrite-strings -Wextra -Wdeclaration-after-statement -Winit-self  -DNDEBUG  conftest.c -levent -lrt -lm  >&5
conftest.c:51: warning: function declaration isn't a prototype
conftest.c:54: warning: function declaration isn't a prototype
/tmp/cchgugac.o: In function `main':
/opt/snakeos-sdk/apps/transmission/conftest.c:55: undefined reference to `evutil_vsnprintf'
collect2: ld returned 1 exit status
configure:19960: $? = 1
configure: failed program was:
| /* confdefs.h.  */
| #define PACKAGE_NAME "transmission"
| #define PACKAGE_TARNAME "transmission"
| #define PACKAGE_VERSION "1.92"
| #define PACKAGE_STRING "transmission 1.92"
| #define PACKAGE_BUGREPORT "http://trac.transmissionbt.com/newticket"
| #define PACKAGE "transmission"
| #define VERSION "1.92"
| #define STDC_HEADERS 1
| #define HAVE_SYS_TYPES_H 1
| #define HAVE_SYS_STAT_H 1
| #define HAVE_STDLIB_H 1
| #define HAVE_STRING_H 1
| #define HAVE_MEMORY_H 1
| #define HAVE_STRINGS_H 1
| #define HAVE_INTTYPES_H 1
| #define HAVE_STDINT_H 1
| #define HAVE_UNISTD_H 1
| #define HAVE_DLFCN_H 1
| #define LT_OBJDIR ".libs/"
| #define STDC_HEADERS 1
| #define TIME_WITH_SYS_TIME 1
| #define HAVE_PREAD 1
| #define HAVE_PWRITE 1
| #define HAVE_STRLCPY 1
| #define HAVE_DAEMON 1
| #define HAVE_DIRNAME 1
| #define HAVE_BASENAME 1
| #define HAVE_STRCASECMP 1
| #define HAVE_LOCALTIME_R 1
| #define HAVE_MEMMEM 1
| #define HAVE_STRTOLD 1
| #define HAVE_SYSLOG 1
| #define HAVE_VALLOC 1
| #define HAVE_GETPAGESIZE 1
| #define HAVE_PTHREAD 1
| #define HAVE__TMP_DUMMY1_ZLIB_H 1
| #define HAVE_ZLIB 1
| #define _FILE_OFFSET_BITS 64
| #define HAVE_LSEEK64 1
| #define HAVE_DECL_POSIX_FADVISE 0
| #define HAVE_POSIX_FADVISE 1
| /* end confdefs.h.  */
| 
| /* Override any GCC internal prototype to avoid an error.
|    Use char because int might match the return type of a GCC
|    builtin and then its argument prototype would still apply.  */
| #ifdef __cplusplus
| extern "C"
| #endif
| char evutil_vsnprintf ();
| int
| main ()
| {
| return evutil_vsnprintf ();
|   ;
|   return 0;
| }
configure:19981: result: no
configure:19999: checking event-config.h usability
configure:20016: arm-linux-gcc -c -pipe -Os -march=armv4  -g -O3  -std=gnu99 -ggdb3 -Wall -W -Wpointer-arith -Wformat-security -Wcast-align -Wundef -Wcast-align -Wstrict-prototypes -Wmissing-declarations -Wmissing-format-attribute -Wredundant-decls -Wnested-externs -Wunused-parameter -Wwrite-strings -Wextra -Wdeclaration-after-statement -Winit-self  -DNDEBUG conftest.c >&5
conftest.c:77:26: event-config.h: No such file or directory
configure:20023: $? = 1
configure: failed program was:
| /* confdefs.h.  */
| #define PACKAGE_NAME "transmission"
| #define PACKAGE_TARNAME "transmission"
| #define PACKAGE_VERSION "1.92"
| #define PACKAGE_STRING "transmission 1.92"
| #define PACKAGE_BUGREPORT "http://trac.transmissionbt.com/newticket"
| #define PACKAGE "transmission"
| #define VERSION "1.92"
| #define STDC_HEADERS 1
| #define HAVE_SYS_TYPES_H 1
| #define HAVE_SYS_STAT_H 1
| #define HAVE_STDLIB_H 1
| #define HAVE_STRING_H 1
| #define HAVE_MEMORY_H 1
| #define HAVE_STRINGS_H 1
| #define HAVE_INTTYPES_H 1
| #define HAVE_STDINT_H 1
| #define HAVE_UNISTD_H 1
| #define HAVE_DLFCN_H 1
| #define LT_OBJDIR ".libs/"
| #define STDC_HEADERS 1
| #define TIME_WITH_SYS_TIME 1
| #define HAVE_PREAD 1
| #define HAVE_PWRITE 1
| #define HAVE_STRLCPY 1
| #define HAVE_DAEMON 1
| #define HAVE_DIRNAME 1
| #define HAVE_BASENAME 1
| #define HAVE_STRCASECMP 1
| #define HAVE_LOCALTIME_R 1
| #define HAVE_MEMMEM 1
| #define HAVE_STRTOLD 1
| #define HAVE_SYSLOG 1
| #define HAVE_VALLOC 1
| #define HAVE_GETPAGESIZE 1
| #define HAVE_PTHREAD 1
| #define HAVE__TMP_DUMMY1_ZLIB_H 1
| #define HAVE_ZLIB 1
| #define _FILE_OFFSET_BITS 64
| #define HAVE_LSEEK64 1
| #define HAVE_DECL_POSIX_FADVISE 0
| #define HAVE_POSIX_FADVISE 1
| /* end confdefs.h.  */
| #include <stdio.h>
| #ifdef HAVE_SYS_TYPES_H
| # include <sys/types.h>
| #endif
| #ifdef HAVE_SYS_STAT_H
| # include <sys/stat.h>
| #endif
| #ifdef STDC_HEADERS
| # include <stdlib.h>
| # include <stddef.h>
| #else
| # ifdef HAVE_STDLIB_H
| #  include <stdlib.h>
| # endif
| #endif
| #ifdef HAVE_STRING_H
| # if !defined STDC_HEADERS && defined HAVE_MEMORY_H
| #  include <memory.h>
| # endif
| # include <string.h>
| #endif
| #ifdef HAVE_STRINGS_H
| # include <strings.h>
| #endif
| #ifdef HAVE_INTTYPES_H
| # include <inttypes.h>
| #endif
| #ifdef HAVE_STDINT_H
| # include <stdint.h>
| #endif
| #ifdef HAVE_UNISTD_H
| # include <unistd.h>
| #endif
| #include <event-config.h>
configure:20037: result: no
configure:20041: checking event-config.h presence
configure:20056: arm-linux-gcc -E  -DNDEBUG conftest.c
conftest.c:44:26: event-config.h: No such file or directory
configure:20063: $? = 1
configure: failed program was:
| /* confdefs.h.  */
| #define PACKAGE_NAME "transmission"
| #define PACKAGE_TARNAME "transmission"
| #define PACKAGE_VERSION "1.92"
| #define PACKAGE_STRING "transmission 1.92"
| #define PACKAGE_BUGREPORT "http://trac.transmissionbt.com/newticket"
| #define PACKAGE "transmission"
| #define VERSION "1.92"
| #define STDC_HEADERS 1
| #define HAVE_SYS_TYPES_H 1
| #define HAVE_SYS_STAT_H 1
| #define HAVE_STDLIB_H 1
| #define HAVE_STRING_H 1
| #define HAVE_MEMORY_H 1
| #define HAVE_STRINGS_H 1
| #define HAVE_INTTYPES_H 1
| #define HAVE_STDINT_H 1
| #define HAVE_UNISTD_H 1
| #define HAVE_DLFCN_H 1
| #define LT_OBJDIR ".libs/"
| #define STDC_HEADERS 1
| #define TIME_WITH_SYS_TIME 1
| #define HAVE_PREAD 1
| #define HAVE_PWRITE 1
| #define HAVE_STRLCPY 1
| #define HAVE_DAEMON 1
| #define HAVE_DIRNAME 1
| #define HAVE_BASENAME 1
| #define HAVE_STRCASECMP 1
| #define HAVE_LOCALTIME_R 1
| #define HAVE_MEMMEM 1
| #define HAVE_STRTOLD 1
| #define HAVE_SYSLOG 1
| #define HAVE_VALLOC 1
| #define HAVE_GETPAGESIZE 1
| #define HAVE_PTHREAD 1
| #define HAVE__TMP_DUMMY1_ZLIB_H 1
| #define HAVE_ZLIB 1
| #define _FILE_OFFSET_BITS 64
| #define HAVE_LSEEK64 1
| #define HAVE_DECL_POSIX_FADVISE 0
| #define HAVE_POSIX_FADVISE 1
| /* end confdefs.h.  */
| #include <event-config.h>
configure:20077: result: no
configure:20110: checking for event-config.h
configure:20117: result: no
configure:20135: WARNING: using our own libevent from third-party/libevent/
configure:20137: WARNING: if you are cross-compiling this is probably NOT what you want.
configure:20158: checking for GTK
configure:20169: $PKG_CONFIG --exists --print-errors "gtk+-2.0 >= $GTK_MINIMUM
                   glib-2.0 >= $GLIB_MINIMUM
                   gmodule-2.0 >= $GLIB_MINIMUM
                   gthread-2.0 >= $GLIB_MINIMUM"
Package gtk+-2.0 was not found in the pkg-config search path.
Perhaps you should add the directory containing `gtk+-2.0.pc'
to the PKG_CONFIG_PATH environment variable
No package 'gtk+-2.0' found
Package glib-2.0 was not found in the pkg-config search path.
Perhaps you should add the directory containing `glib-2.0.pc'
to the PKG_CONFIG_PATH environment variable
No package 'glib-2.0' found
Package gmodule-2.0 was not found in the pkg-config search path.
Perhaps you should add the directory containing `gmodule-2.0.pc'
to the PKG_CONFIG_PATH environment variable
No package 'gmodule-2.0' found
Package gthread-2.0 was not found in the pkg-config search path.
Perhaps you should add the directory containing `gthread-2.0.pc'
to the PKG_CONFIG_PATH environment variable
No package 'gthread-2.0' found
configure:20175: $? = 1
configure:20196: $PKG_CONFIG --exists --print-errors "gtk+-2.0 >= $GTK_MINIMUM
                   glib-2.0 >= $GLIB_MINIMUM
                   gmodule-2.0 >= $GLIB_MINIMUM
                   gthread-2.0 >= $GLIB_MINIMUM"
Package gtk+-2.0 was not found in the pkg-config search path.
Perhaps you should add the directory containing `gtk+-2.0.pc'
to the PKG_CONFIG_PATH environment variable
No package 'gtk+-2.0' found
Package glib-2.0 was not found in the pkg-config search path.
Perhaps you should add the directory containing `glib-2.0.pc'
to the PKG_CONFIG_PATH environment variable
No package 'glib-2.0' found
Package gmodule-2.0 was not found in the pkg-config search path.
Perhaps you should add the directory containing `gmodule-2.0.pc'
to the PKG_CONFIG_PATH environment variable
No package 'gmodule-2.0' found
Package gthread-2.0 was not found in the pkg-config search path.
Perhaps you should add the directory containing `gthread-2.0.pc'
to the PKG_CONFIG_PATH environment variable
No package 'gthread-2.0' found
configure:20202: $? = 1
No package 'gtk+-2.0' found
No package 'glib-2.0' found
No package 'gmodule-2.0' found
No package 'gthread-2.0' found
configure:20239: result: no
configure:23283: checking host system type
configure:23298: result: i686-pc-linux-gnu
configure:23753: creating ./config.status

## ---------------------- ##
## Running config.status. ##
## ---------------------- ##

This file was extended by transmission config.status 1.92, which was
generated by GNU Autoconf 2.63.  Invocation command line was

  CONFIG_FILES    = 
  CONFIG_HEADERS  = 
  CONFIG_LINKS    = 
  CONFIG_COMMANDS = 
  $ ./config.status 

on snaker01

config.status:1096: creating Makefile
config.status:1096: creating transmission.spec
config.status:1096: creating cli/Makefile
config.status:1096: creating daemon/Makefile
config.status:1096: creating doc/Makefile
config.status:1096: creating libtransmission/Makefile
config.status:1096: creating third-party/Makefile
config.status:1096: creating third-party/miniupnp/Makefile
config.status:1096: creating third-party/libnatpmp/Makefile
config.status:1096: creating third-party/dht/Makefile
config.status:1096: creating macosx/Makefile
config.status:1096: creating gtk/Makefile
config.status:1096: creating gtk/icons/Makefile
config.status:1096: creating web/Makefile
config.status:1096: creating web/images/Makefile
config.status:1096: creating web/images/buttons/Makefile
config.status:1096: creating web/images/graphics/Makefile
config.status:1096: creating web/images/progress/Makefile
config.status:1096: creating web/javascript/Makefile
config.status:1096: creating web/javascript/jquery/Makefile
config.status:1096: creating web/stylesheets/Makefile
config.status:1096: creating po/Makefile.in
config.status:1307: executing depfiles commands
config.status:1307: executing libtool commands
config.status:1307: executing po/stamp-it commands
configure:26160: === configuring in third-party/libevent (/opt/snakeos-sdk/apps/transmission/third-party/libevent)
configure:26263: running /bin/bash ./configure --disable-option-checking '--prefix=/opt/snakeos-sdk/apps/../rootfs/target'  '--host=arm-linux' 'CC=arm-linux-gcc' 'CFLAGS=-pipe -Os -march=armv4 ' 'LIBCURL_LIBS=-L/opt/snakeos-sdk/apps/curl/lib/.libs -lcurl' 'LIBCURL_CFLAGS=-I/opt/snakeos-sdk/apps/curl/include' 'OPENSSL_LIBS=-L/opt/snakeos-sdk/apps/openssl /opt/snakeos-sdk/apps/openssl/libcrypto.a' 'OPENSSL_CFLAGS=-I/opt/snakeos-sdk/apps/openssl/include' '--host=i686-linux-gnu' '--target=arm-linux-gnu' '--enable-static=yes' '--enable-shared=no' '--disable-dependency-tracking' '--disable-libtool-lock' '--disable-gtk' '--disable-libnotify' '--disable-nls' '--disable-cli' '--disable-mac' '--enable-daemon' 'host_alias=i686-linux-gnu' 'target_alias=arm-linux-gnu' '--enable-static' '--disable-shared' '-q' --cache-file=/dev/null --srcdir=.

## ---------------- ##
## Cache variables. ##
## ---------------- ##

ac_cv_build=i686-pc-linux-gnu
ac_cv_c_compiler_gnu=yes
ac_cv_c_inline=inline
ac_cv_cxx_compiler_gnu=yes
ac_cv_env_CCC_set=
ac_cv_env_CCC_value=
ac_cv_env_CC_set=set
ac_cv_env_CC_value=arm-linux-gcc
ac_cv_env_CFLAGS_set=set
ac_cv_env_CFLAGS_value='-pipe -Os -march=armv4 '
ac_cv_env_CPPFLAGS_set=
ac_cv_env_CPPFLAGS_value=
ac_cv_env_CPP_set=
ac_cv_env_CPP_value=
ac_cv_env_CXXCPP_set=
ac_cv_env_CXXCPP_value=
ac_cv_env_CXXFLAGS_set=
ac_cv_env_CXXFLAGS_value=
ac_cv_env_CXX_set=
ac_cv_env_CXX_value=
ac_cv_env_DBUS_GLIB_CFLAGS_set=
ac_cv_env_DBUS_GLIB_CFLAGS_value=
ac_cv_env_DBUS_GLIB_LIBS_set=
ac_cv_env_DBUS_GLIB_LIBS_value=
ac_cv_env_GIO_CFLAGS_set=
ac_cv_env_GIO_CFLAGS_value=
ac_cv_env_GIO_LIBS_set=
ac_cv_env_GIO_LIBS_value=
ac_cv_env_GTK_CFLAGS_set=
ac_cv_env_GTK_CFLAGS_value=
ac_cv_env_GTK_LIBS_set=
ac_cv_env_GTK_LIBS_value=
ac_cv_env_LDFLAGS_set=
ac_cv_env_LDFLAGS_value=
ac_cv_env_LIBAPPINDICATOR_CFLAGS_set=
ac_cv_env_LIBAPPINDICATOR_CFLAGS_value=
ac_cv_env_LIBAPPINDICATOR_LIBS_set=
ac_cv_env_LIBAPPINDICATOR_LIBS_value=
ac_cv_env_LIBCANBERRA_CFLAGS_set=
ac_cv_env_LIBCANBERRA_CFLAGS_value=
ac_cv_env_LIBCANBERRA_LIBS_set=
ac_cv_env_LIBCANBERRA_LIBS_value=
ac_cv_env_LIBCURL_CFLAGS_set=set
ac_cv_env_LIBCURL_CFLAGS_value=-I/opt/snakeos-sdk/apps/curl/include
ac_cv_env_LIBCURL_LIBS_set=set
ac_cv_env_LIBCURL_LIBS_value='-L/opt/snakeos-sdk/apps/curl/lib/.libs -lcurl'
ac_cv_env_LIBEVENT_CFLAGS_set=
ac_cv_env_LIBEVENT_CFLAGS_value=
ac_cv_env_LIBEVENT_LIBS_set=
ac_cv_env_LIBEVENT_LIBS_value=
ac_cv_env_LIBGCONF_CFLAGS_set=
ac_cv_env_LIBGCONF_CFLAGS_value=
ac_cv_env_LIBGCONF_LIBS_set=
ac_cv_env_LIBGCONF_LIBS_value=
ac_cv_env_LIBNOTIFY_CFLAGS_set=
ac_cv_env_LIBNOTIFY_CFLAGS_value=
ac_cv_env_LIBNOTIFY_LIBS_set=
ac_cv_env_LIBNOTIFY_LIBS_value=
ac_cv_env_LIBS_set=
ac_cv_env_LIBS_value=
ac_cv_env_OPENSSL_CFLAGS_set=set
ac_cv_env_OPENSSL_CFLAGS_value=-I/opt/snakeos-sdk/apps/openssl/include
ac_cv_env_OPENSSL_LIBS_set=set
ac_cv_env_OPENSSL_LIBS_value='-L/opt/snakeos-sdk/apps/openssl /opt/snakeos-sdk/apps/openssl/libcrypto.a'
ac_cv_env_PKG_CONFIG_set=
ac_cv_env_PKG_CONFIG_value=
ac_cv_env_build_alias_set=
ac_cv_env_build_alias_value=
ac_cv_env_host_alias_set=set
ac_cv_env_host_alias_value=i686-linux-gnu
ac_cv_env_target_alias_set=set
ac_cv_env_target_alias_value=arm-linux-gnu
ac_cv_func_basename=yes
ac_cv_func_daemon=yes
ac_cv_func_dirname=yes
ac_cv_func_fallocate64=no
ac_cv_func_getpagesize=yes
ac_cv_func_localtime_r=yes
ac_cv_func_lrintf=no
ac_cv_func_lseek64=yes
ac_cv_func_memmem=yes
ac_cv_func_posix_fadvise=yes
ac_cv_func_posix_fallocate=no
ac_cv_func_posix_memalign=no
ac_cv_func_pread=yes
ac_cv_func_pwrite=yes
ac_cv_func_strcasecmp=yes
ac_cv_func_strlcpy=yes
ac_cv_func_strtold=yes
ac_cv_func_syslog=yes
ac_cv_func_valloc=yes
ac_cv_have_decl_posix_fadvise=no
ac_cv_header__tmp_dummy1_zlib_h=yes
ac_cv_header_dlfcn_h=yes
ac_cv_header_event_config_h=no
ac_cv_header_inttypes_h=yes
ac_cv_header_memory_h=yes
ac_cv_header_stdc=yes
ac_cv_header_stdint_h=yes
ac_cv_header_stdlib_h=yes
ac_cv_header_string_h=yes
ac_cv_header_strings_h=yes
ac_cv_header_sys_event_h=no
ac_cv_header_sys_inotify_h=no
ac_cv_header_sys_stat_h=yes
ac_cv_header_sys_types_h=yes
ac_cv_header_time=yes
ac_cv_header_unistd_h=yes
ac_cv_header_xfs_xfs_h=no
ac_cv_host=i686-pc-linux-gnu
ac_cv_lib_event_evutil_vsnprintf=no
ac_cv_lib_rt_clock_gettime=yes
ac_cv_objext=o
ac_cv_path_EGREP='/bin/grep -E'
ac_cv_path_FGREP='/bin/grep -F'
ac_cv_path_GREP=/bin/grep
ac_cv_path_SED=/bin/sed
ac_cv_path_ac_pt_PKG_CONFIG=/usr/bin/pkg-config
ac_cv_path_install='/usr/bin/install -c'
ac_cv_path_mkdir=/bin/mkdir
ac_cv_prog_AWK=gawk
ac_cv_prog_CC=arm-linux-gcc
ac_cv_prog_CPP='arm-linux-gcc -E'
ac_cv_prog_CXXCPP='g++ -E'
ac_cv_prog_STRIP=strip
ac_cv_prog_ac_ct_AR=ar
ac_cv_prog_ac_ct_CXX=g++
ac_cv_prog_ac_ct_OBJDUMP=objdump
ac_cv_prog_ac_ct_RANLIB=ranlib
ac_cv_prog_ac_ct_STRIP=strip
ac_cv_prog_cc_c89=
ac_cv_prog_cc_g=yes
ac_cv_prog_cxx_g=yes
ac_cv_prog_make_make_set=yes
ac_cv_search_cos=-lm
ac_cv_search_gethostbyname='none required'
ac_cv_search_gzopen=-lz
ac_cv_search_socket='none required'
ac_cv_sys_file_offset_bits=64
ac_cv_sys_largefile_CC=no
am_cv_CC_dependencies_compiler_type=none
am_cv_CXX_dependencies_compiler_type=none
am_cv_prog_tar_ustar=gnutar
lt_cv_deplibs_check_method=pass_all
lt_cv_file_magic_cmd='$MAGIC_CMD'
lt_cv_file_magic_test_file=
lt_cv_ld_reload_flag=-r
lt_cv_nm_interface='BSD nm'
lt_cv_objdir=.libs
lt_cv_path_LD=/opt/snakeos-sdk/tools/arm-uclibc-3.4.6/arm-linux-uclibc/bin/ld
lt_cv_path_LDCXX=/opt/snakeos-sdk/tools/arm-uclibc-3.4.6/arm-linux-uclibc/bin/ld
lt_cv_path_NM='/usr/bin/nm -B'
lt_cv_prog_compiler_c_o=yes
lt_cv_prog_compiler_c_o_CXX=yes
lt_cv_prog_compiler_pic_works=yes
lt_cv_prog_compiler_pic_works_CXX=yes
lt_cv_prog_compiler_rtti_exceptions=no
lt_cv_prog_compiler_static_works=yes
lt_cv_prog_compiler_static_works_CXX=yes
lt_cv_prog_gnu_ld=yes
lt_cv_prog_gnu_ldcxx=yes
lt_cv_sys_global_symbol_pipe='sed -n -e '\''s/^.*[	 ]\([ABCDGIRSTW][ABCDGIRSTW]*\)[	 ][	 ]*\([_A-Za-z][_A-Za-z0-9]*\)$/\1 \2 \2/p'\'''
lt_cv_sys_global_symbol_to_c_name_address='sed -n -e '\''s/^: \([^ ]*\) $/  {\"\1\", (void *) 0},/p'\'' -e '\''s/^[ABCDGIRSTW]* \([^ ]*\) \([^ ]*\)$/  {"\2", (void *) \&\2},/p'\'''
lt_cv_sys_global_symbol_to_c_name_address_lib_prefix='sed -n -e '\''s/^: \([^ ]*\) $/  {\"\1\", (void *) 0},/p'\'' -e '\''s/^[ABCDGIRSTW]* \([^ ]*\) \(lib[^ ]*\)$/  {"\2", (void *) \&\2},/p'\'' -e '\''s/^[ABCDGIRSTW]* \([^ ]*\) \([^ ]*\)$/  {"lib\2", (void *) \&\2},/p'\'''
lt_cv_sys_global_symbol_to_cdecl='sed -n -e '\''s/^T .* \(.*\)$/extern int \1();/p'\'' -e '\''s/^[ABCDGIRSTW]* .* \(.*\)$/extern char \1;/p'\'''
lt_cv_sys_max_cmd_len=805306365
pkg_cv_LIBCURL_CFLAGS=-I/opt/snakeos-sdk/apps/curl/include
pkg_cv_LIBCURL_LIBS='-L/opt/snakeos-sdk/apps/curl/lib/.libs -lcurl'
pkg_cv_OPENSSL_CFLAGS=-I/opt/snakeos-sdk/apps/openssl/include
pkg_cv_OPENSSL_LIBS='-L/opt/snakeos-sdk/apps/openssl /opt/snakeos-sdk/apps/openssl/libcrypto.a'

## ----------------- ##
## Output variables. ##
## ----------------- ##

ACLOCAL='${SHELL} /opt/snakeos-sdk/apps/transmission/missing --run aclocal-1.11'
ALL_LINGUAS=''
AMDEPBACKSLASH=''
AMDEP_FALSE=''
AMDEP_TRUE='#'
AMTAR='${SHELL} /opt/snakeos-sdk/apps/transmission/missing --run tar'
AM_BACKSLASH='\'
AM_DEFAULT_VERBOSITY='0'
AR='ar'
AUTOCONF='${SHELL} /opt/snakeos-sdk/apps/transmission/missing --run autoconf'
AUTOHEADER='${SHELL} /opt/snakeos-sdk/apps/transmission/missing --run autoheader'
AUTOMAKE='${SHELL} /opt/snakeos-sdk/apps/transmission/missing --run automake-1.11'
AWK='gawk'
BUILD_CLI_FALSE=''
BUILD_CLI_TRUE='#'
BUILD_DAEMON_FALSE='#'
BUILD_DAEMON_TRUE=''
BUILD_GTK_FALSE=''
BUILD_GTK_TRUE='#'
BUILD_MAC_FALSE=''
BUILD_MAC_TRUE='#'
CANBERRA_MINIMUM='0.10'
CATALOGS=''
CATOBJEXT=''
CC='arm-linux-gcc'
CCDEPMODE='depmode=none'
CFLAGS='-pipe -Os -march=armv4  -g -O3  -std=gnu99 -ggdb3 -Wall -W -Wpointer-arith -Wformat-security -Wcast-align -Wundef -Wcast-align -Wstrict-prototypes -Wmissing-declarations -Wmissing-format-attribute -Wredundant-decls -Wnested-externs -Wunused-parameter -Wwrite-strings -Wextra -Wdeclaration-after-statement -Winit-self'
CPP='arm-linux-gcc -E'
CPPFLAGS=' -DNDEBUG'
CURL_MINIMUM='7.15.4'
CXX='g++'
CXXCPP='g++ -E'
CXXDEPMODE='depmode=none'
CXXFLAGS=' -g -O3 '
CYGPATH_W='echo'
DATADIRNAME=''
DBUS_BINDING_TOOL=''
DBUS_GLIB_CFLAGS=''
DBUS_GLIB_LIBS=''
DBUS_GLIB_MINIMUM='0.70'
DEFS='-DPACKAGE_NAME=\"transmission\" -DPACKAGE_TARNAME=\"transmission\" -DPACKAGE_VERSION=\"1.92\" -DPACKAGE_STRING=\"transmission\ 1.92\" -DPACKAGE_BUGREPORT=\"http://trac.transmissionbt.com/newticket\" -DPACKAGE=\"transmission\" -DVERSION=\"1.92\" -DSTDC_HEADERS=1 -DHAVE_SYS_TYPES_H=1 -DHAVE_SYS_STAT_H=1 -DHAVE_STDLIB_H=1 -DHAVE_STRING_H=1 -DHAVE_MEMORY_H=1 -DHAVE_STRINGS_H=1 -DHAVE_INTTYPES_H=1 -DHAVE_STDINT_H=1 -DHAVE_UNISTD_H=1 -DHAVE_DLFCN_H=1 -DLT_OBJDIR=\".libs/\" -DSTDC_HEADERS=1 -DTIME_WITH_SYS_TIME=1 -DHAVE_PREAD=1 -DHAVE_PWRITE=1 -DHAVE_STRLCPY=1 -DHAVE_DAEMON=1 -DHAVE_DIRNAME=1 -DHAVE_BASENAME=1 -DHAVE_STRCASECMP=1 -DHAVE_LOCALTIME_R=1 -DHAVE_MEMMEM=1 -DHAVE_STRTOLD=1 -DHAVE_SYSLOG=1 -DHAVE_VALLOC=1 -DHAVE_GETPAGESIZE=1 -DHAVE_PTHREAD=1 -DHAVE__TMP_DUMMY1_ZLIB_H=1 -DHAVE_ZLIB=1 -D_FILE_OFFSET_BITS=64 -DHAVE_LSEEK64=1 -DHAVE_DECL_POSIX_FADVISE=0 -DHAVE_POSIX_FADVISE=1'
DEPDIR='.deps'
DHT_CFLAGS='-I$(top_srcdir)/third-party/dht'
DHT_LIBS='$(top_builddir)/third-party/dht/libdht.a'
DSYMUTIL=''
DUMPBIN=''
ECHO_C=''
ECHO_N='-n'
ECHO_T=''
EGREP='/bin/grep -E'
EXEEXT=''
FGREP='/bin/grep -F'
GCONF2_MINIMUM='2.20.0'
GETTEXT_PACKAGE=''
GIO_CFLAGS=''
GIO_LIBS=''
GIO_MINIMUM='2.15.5'
GLIB_MINIMUM='2.6.0'
GMOFILES=''
GMSGFMT=''
GREP='/bin/grep'
GTK_CFLAGS=''
GTK_LIBS=''
GTK_MINIMUM='2.6.0'
INSTALL_DATA='${INSTALL} -m 644'
INSTALL_PROGRAM='${INSTALL}'
INSTALL_SCRIPT='${INSTALL}'
INSTALL_STRIP_PROGRAM='$(install_sh) -c -s'
INSTOBJEXT=''
INTLLIBS=''
INTLTOOL_CAVES_RULE=''
INTLTOOL_DESKTOP_RULE=''
INTLTOOL_DIRECTORY_RULE=''
INTLTOOL_EXTRACT=''
INTLTOOL_KBD_RULE=''
INTLTOOL_KEYS_RULE=''
INTLTOOL_MERGE=''
INTLTOOL_OAF_RULE=''
INTLTOOL_PERL=''
INTLTOOL_POLICY_RULE=''
INTLTOOL_PONG_RULE=''
INTLTOOL_PROP_RULE=''
INTLTOOL_SCHEMAS_RULE=''
INTLTOOL_SERVER_RULE=''
INTLTOOL_SERVICE_RULE=''
INTLTOOL_SHEET_RULE=''
INTLTOOL_SOUNDLIST_RULE=''
INTLTOOL_THEME_RULE=''
INTLTOOL_UI_RULE=''
INTLTOOL_UPDATE=''
INTLTOOL_XAM_RULE=''
INTLTOOL_XML_NOMERGE_RULE=''
INTLTOOL_XML_RULE=''
LD='/opt/snakeos-sdk/tools/arm-uclibc-3.4.6/arm-linux-uclibc/bin/ld'
LDFLAGS=''
LIBAPPINDICATOR_CFLAGS=''
LIBAPPINDICATOR_LIBS=''
LIBAPPINDICATOR_MINIMUM='0.0.11'
LIBCANBERRA_CFLAGS=''
LIBCANBERRA_LIBS=''
LIBCURL_CFLAGS='-I/opt/snakeos-sdk/apps/curl/include'
LIBCURL_LIBS='-L/opt/snakeos-sdk/apps/curl/lib/.libs -lcurl'
LIBEVENT_CFLAGS='-I$(top_srcdir)/third-party/libevent -I$(top_builddir)/third-party/libevent'
LIBEVENT_LIBS='$(top_builddir)/third-party/libevent/libevent.la'
LIBEVENT_MINIUM=''
LIBGCONF_CFLAGS=''
LIBGCONF_LIBS=''
LIBNOTIFY_CFLAGS=''
LIBNOTIFY_LIBS=''
LIBNOTIFY_MINIMUM='0.4.3'
LIBOBJS=''
LIBS='-lm '
LIBTOOL='$(SHELL) $(top_builddir)/libtool'
LIPO=''
LN_S='ln -s'
LTLIBOBJS=''
MAKEINFO='${SHELL} /opt/snakeos-sdk/apps/transmission/missing --run makeinfo'
MKDIR_P='/bin/mkdir -p'
MKINSTALLDIRS=''
MSGFMT=''
MSGMERGE=''
NM='/usr/bin/nm -B'
NMEDIT=''
OBJDUMP='objdump'
OBJEXT='o'
OPENSSL_CFLAGS='-I/opt/snakeos-sdk/apps/openssl/include'
OPENSSL_LIBS='-L/opt/snakeos-sdk/apps/openssl /opt/snakeos-sdk/apps/openssl/libcrypto.a'
OPENSSL_MINIMUM='0.9.4'
OTOOL64=''
OTOOL=''
PACKAGE='transmission'
PACKAGE_BUGREPORT='http://trac.transmissionbt.com/newticket'
PACKAGE_NAME='transmission'
PACKAGE_STRING='transmission 1.92'
PACKAGE_TARNAME='transmission'
PACKAGE_VERSION='1.92'
PATH_SEPARATOR=':'
PEERID_PREFIX='-TR1920-'
PKG_CONFIG='/usr/bin/pkg-config'
POFILES=''
POSUB=''
PO_IN_DATADIR_FALSE=''
PO_IN_DATADIR_TRUE=''
PTHREAD_CC='arm-linux-gcc'
PTHREAD_CFLAGS='-pthread'
PTHREAD_LIBS=''
RANLIB='ranlib'
SED='/bin/sed'
SET_MAKE=''
SHELL='/bin/bash'
STRIP='strip'
TR_UNSTABLE_FALSE=''
TR_UNSTABLE_TRUE='#'
USERAGENT_PREFIX='1.92'
USE_NLS=''
VERSION='1.92'
WIN32_FALSE=''
WIN32_TRUE='#'
WINDRES=''
XGETTEXT=''
ZLIB_CFLAGS=''
ZLIB_LDFLAGS=''
ZLIB_LIBS='-lz -lm '
ac_ct_CC=''
ac_ct_CXX='g++'
ac_ct_DUMPBIN=''
acx_pthread_config=''
am__EXEEXT_FALSE=''
am__EXEEXT_TRUE='#'
am__fastdepCC_FALSE=''
am__fastdepCC_TRUE='#'
am__fastdepCXX_FALSE=''
am__fastdepCXX_TRUE='#'
am__include='include'
am__isrc=''
am__leading_dot='.'
am__quote=''
am__tar='tar --format=ustar -chf - "$$tardir"'
am__untar='tar -xf -'
bindir='${exec_prefix}/bin'
build='i686-pc-linux-gnu'
build_alias=''
build_cpu='i686'
build_os='linux-gnu'
build_vendor='pc'
datadir='${datarootdir}'
datarootdir='${prefix}/share'
docdir='${datarootdir}/doc/${PACKAGE_TARNAME}'
dvidir='${docdir}'
exec_prefix='${prefix}'
host='i686-pc-linux-gnu'
host_alias='i686-linux-gnu'
host_cpu='i686'
host_os='linux-gnu'
host_vendor='pc'
htmldir='${docdir}'
includedir='${prefix}/include'
infodir='${datarootdir}/info'
install_sh='${SHELL} /opt/snakeos-sdk/apps/transmission/install-sh'
libdir='${exec_prefix}/lib'
libexecdir='${exec_prefix}/libexec'
localedir='${datarootdir}/locale'
localstatedir='${prefix}/var'
lt_ECHO='echo'
mandir='${datarootdir}/man'
mkdir_p='/bin/mkdir -p'
oldincludedir='/usr/include'
pdfdir='${docdir}'
prefix='/opt/snakeos-sdk/apps/../rootfs/target'
program_transform_name='s,x,x,'
psdir='${docdir}'
sbindir='${exec_prefix}/sbin'
sharedstatedir='${prefix}/com'
subdirs=' third-party/libevent'
sysconfdir='${prefix}/etc'
target_alias='arm-linux-gnu'
transmissionlocaledir=''

## ----------- ##
## confdefs.h. ##
## ----------- ##

#define PACKAGE_NAME "transmission"
#define PACKAGE_TARNAME "transmission"
#define PACKAGE_VERSION "1.92"
#define PACKAGE_STRING "transmission 1.92"
#define PACKAGE_BUGREPORT "http://trac.transmissionbt.com/newticket"
#define PACKAGE "transmission"
#define VERSION "1.92"
#define STDC_HEADERS 1
#define HAVE_SYS_TYPES_H 1
#define HAVE_SYS_STAT_H 1
#define HAVE_STDLIB_H 1
#define HAVE_STRING_H 1
#define HAVE_MEMORY_H 1
#define HAVE_STRINGS_H 1
#define HAVE_INTTYPES_H 1
#define HAVE_STDINT_H 1
#define HAVE_UNISTD_H 1
#define HAVE_DLFCN_H 1
#define LT_OBJDIR ".libs/"
#define STDC_HEADERS 1
#define TIME_WITH_SYS_TIME 1
#define HAVE_PREAD 1
#define HAVE_PWRITE 1
#define HAVE_STRLCPY 1
#define HAVE_DAEMON 1
#define HAVE_DIRNAME 1
#define HAVE_BASENAME 1
#define HAVE_STRCASECMP 1
#define HAVE_LOCALTIME_R 1
#define HAVE_MEMMEM 1
#define HAVE_STRTOLD 1
#define HAVE_SYSLOG 1
#define HAVE_VALLOC 1
#define HAVE_GETPAGESIZE 1
#define HAVE_PTHREAD 1
#define HAVE__TMP_DUMMY1_ZLIB_H 1
#define HAVE_ZLIB 1
#define _FILE_OFFSET_BITS 64
#define HAVE_LSEEK64 1
#define HAVE_DECL_POSIX_FADVISE 0
#define HAVE_POSIX_FADVISE 1

configure: exit 0
